10/20/2020 08:45:29 INFO  1.0.0 [main]c.a.n.c.c.i.LocalConfigInfoProcessor - LOCAL_SNAPSHOT_PATH:/Users/ys/nacos/config
10/20/2020 08:45:29 INFO  1.0.0 [main]c.a.n.c.c.i.Limiter - limitTime:5.0
10/20/2020 08:45:29 WARN  1.0.0 [main]c.a.c.n.c.NacosPropertySourceBuilder - Ignore the empty nacos configuration and get it based on dataId[shop-base-service] & group[DEFAULT_GROUP]
10/20/2020 08:45:29 WARN  1.0.0 [main]c.a.c.n.c.NacosPropertySourceBuilder - Ignore the empty nacos configuration and get it based on dataId[shop-base-service.properties] & group[DEFAULT_GROUP]
10/20/2020 08:45:29 WARN  1.0.0 [main]c.a.c.n.c.NacosPropertySourceBuilder - Ignore the empty nacos configuration and get it based on dataId[shop-base-service-dev.properties] & group[DEFAULT_GROUP]
10/20/2020 08:45:29 INFO  1.0.0 [main]o.s.c.b.c.PropertySourceBootstrapConfiguration - Located property source: [BootstrapPropertySource {name='bootstrapProperties-shop-base-service-dev.properties,DEFAULT_GROUP'}, BootstrapPropertySource {name='bootstrapProperties-shop-base-service.properties,DEFAULT_GROUP'}, BootstrapPropertySource {name='bootstrapProperties-shop-base-service,DEFAULT_GROUP'}]
10/20/2020 08:45:29 INFO  1.0.0 [main]c.z.b.BaseServiceApplication - The following profiles are active: dev
10/20/2020 08:45:30 INFO  1.0.0 [main]o.s.d.r.c.RepositoryConfigurationDelegate - Multiple Spring Data modules found, entering strict repository configuration mode!
10/20/2020 08:45:30 INFO  1.0.0 [main]o.s.d.r.c.RepositoryConfigurationDelegate - Bootstrapping Spring Data Redis repositories in DEFAULT mode.
10/20/2020 08:45:30 INFO  1.0.0 [main]o.s.d.r.c.RepositoryConfigurationDelegate - Finished Spring Data repository scanning in 22ms. Found 0 Redis repository interfaces.
10/20/2020 08:45:31 WARN  1.0.0 [main]o.m.s.m.ClassPathMapperScanner - No MyBatis mapper was found in '[com.zhonghualub.base]' package. Please check your configuration.
10/20/2020 08:45:31 INFO  1.0.0 [main]o.s.c.c.s.GenericScope - BeanFactory id=c771f455-2bc1-3453-b801-14965d9c92ec
10/20/2020 08:45:32 INFO  1.0.0 [main]o.s.b.w.e.t.TomcatWebServer - Tomcat initialized with port(s): 9000 (http)
10/20/2020 08:45:32 INFO  1.0.0 [main]o.a.c.h.Http11NioProtocol - Initializing ProtocolHandler ["http-nio-9000"]
10/20/2020 08:45:32 INFO  1.0.0 [main]o.a.c.c.StandardService - Starting service [Tomcat]
10/20/2020 08:45:32 INFO  1.0.0 [main]o.a.c.c.StandardEngine - Starting Servlet engine: [Apache Tomcat/9.0.38]
10/20/2020 08:45:32 INFO  1.0.0 [main]o.a.c.c.C.[.[.[/] - Initializing Spring embedded WebApplicationContext
10/20/2020 08:45:32 INFO  1.0.0 [main]o.s.w.c.ContextLoader - Root WebApplicationContext: initialization completed in 3038 ms
10/20/2020 08:45:33 WARN  1.0.0 [main]c.n.c.s.URLConfigurationSource - No URLs will be polled as dynamic configuration sources.
10/20/2020 08:45:33 INFO  1.0.0 [main]c.n.c.s.URLConfigurationSource - To enable URLs as dynamic configuration sources, define System property archaius.configurationSource.additionalUrls or make config.properties available on classpath.
10/20/2020 08:45:33 WARN  1.0.0 [main]c.n.c.s.URLConfigurationSource - No URLs will be polled as dynamic configuration sources.
10/20/2020 08:45:33 INFO  1.0.0 [main]c.n.c.s.URLConfigurationSource - To enable URLs as dynamic configuration sources, define System property archaius.configurationSource.additionalUrls or make config.properties available on classpath.
10/20/2020 08:45:33 INFO  1.0.0 [main]o.s.s.c.ThreadPoolTaskScheduler - Initializing ExecutorService 'Nacso-Watch-Task-Scheduler'
10/20/2020 08:45:33 INFO  1.0.0 [main]c.a.n.c.naming - initializer namespace from System Property :null
10/20/2020 08:45:33 INFO  1.0.0 [main]c.a.n.c.naming - initializer namespace from System Environment :null
10/20/2020 08:45:33 INFO  1.0.0 [main]c.a.n.c.naming - initializer namespace from System Property :null
10/20/2020 08:45:33 WARN  1.0.0 [main]c.a.d.p.DruidAbstractDataSource - oracle.jdbc.driver.OracleDriver is deprecated.Having use oracle.jdbc.OracleDriver.
10/20/2020 08:45:34 INFO  1.0.0 [main]o.a.c.h.Http11NioProtocol - Starting ProtocolHandler ["http-nio-9000"]
10/20/2020 08:45:34 INFO  1.0.0 [main]o.s.b.w.e.t.TomcatWebServer - Tomcat started on port(s): 9000 (http) with context path ''
10/20/2020 08:45:34 INFO  1.0.0 [main]c.a.n.c.naming - [BEAT] adding beat: {"cluster":"DEFAULT","ip":"169.254.184.149","metadata":{"preserved.register.source":"SPRING_CLOUD"},"period":5000,"port":9000,"scheduled":false,"serviceName":"DEFAULT_GROUP@@shop-base-service","stopped":false,"weight":1.0} to beat map.
10/20/2020 08:45:34 INFO  1.0.0 [main]c.a.n.c.naming - [REGISTER-SERVICE] public registering service DEFAULT_GROUP@@shop-base-service with instance: {"clusterName":"DEFAULT","enabled":true,"ephemeral":true,"healthy":true,"instanceHeartBeatInterval":5000,"instanceHeartBeatTimeOut":15000,"ip":"169.254.184.149","ipDeleteTimeout":30000,"metadata":{"preserved.register.source":"SPRING_CLOUD"},"port":9000,"weight":1.0}
10/20/2020 08:45:34 INFO  1.0.0 [main]c.a.c.n.r.NacosServiceRegistry - nacos registry, DEFAULT_GROUP shop-base-service 169.254.184.149:9000 register finished
10/20/2020 08:45:34 INFO  1.0.0 [main]c.z.b.BaseServiceApplication - Started BaseServiceApplication in 7.101 seconds (JVM running for 8.436)
10/20/2020 08:45:34 INFO  1.0.0 [main]c.a.n.c.c.i.ClientWorker - [fixed-localhost_8848] [subscribe] shop-base-service.properties+DEFAULT_GROUP
10/20/2020 08:45:34 INFO  1.0.0 [main]c.a.n.c.c.i.CacheData - [fixed-localhost_8848] [add-listener] ok, tenant=, dataId=shop-base-service.properties, group=DEFAULT_GROUP, cnt=1
10/20/2020 08:45:34 INFO  1.0.0 [main]c.a.n.c.c.i.ClientWorker - [fixed-localhost_8848] [subscribe] shop-base-service+DEFAULT_GROUP
10/20/2020 08:45:34 INFO  1.0.0 [main]c.a.n.c.c.i.CacheData - [fixed-localhost_8848] [add-listener] ok, tenant=, dataId=shop-base-service, group=DEFAULT_GROUP, cnt=1
10/20/2020 08:45:34 INFO  1.0.0 [main]c.a.n.c.c.i.ClientWorker - [fixed-localhost_8848] [subscribe] shop-base-service-dev.properties+DEFAULT_GROUP
10/20/2020 08:45:34 INFO  1.0.0 [main]c.a.n.c.c.i.CacheData - [fixed-localhost_8848] [add-listener] ok, tenant=, dataId=shop-base-service-dev.properties, group=DEFAULT_GROUP, cnt=1
10/20/2020 08:45:34 INFO  1.0.0 [com.alibaba.nacos.client.Worker.longPolling.fixed-localhost_8848]c.a.n.c.c.i.ClientWorker - get changedGroupKeys:[]
10/20/2020 08:45:34 INFO  1.0.0 [com.alibaba.nacos.client.Worker.longPolling.fixed-localhost_8848]c.a.n.c.c.i.ClientWorker - get changedGroupKeys:[]
10/20/2020 08:46:04 INFO  1.0.0 [com.alibaba.nacos.client.Worker.longPolling.fixed-localhost_8848]c.a.n.c.c.i.ClientWorker - get changedGroupKeys:[]
10/20/2020 08:46:33 INFO  1.0.0 [com.alibaba.nacos.client.Worker.longPolling.fixed-localhost_8848]c.a.n.c.c.i.ClientWorker - get changedGroupKeys:[]
10/20/2020 08:47:03 INFO  1.0.0 [com.alibaba.nacos.client.Worker.longPolling.fixed-localhost_8848]c.a.n.c.c.i.ClientWorker - get changedGroupKeys:[]
10/20/2020 08:47:32 INFO  1.0.0 [com.alibaba.nacos.client.Worker.longPolling.fixed-localhost_8848]c.a.n.c.c.i.ClientWorker - get changedGroupKeys:[]
10/20/2020 08:48:02 INFO  1.0.0 [com.alibaba.nacos.client.Worker.longPolling.fixed-localhost_8848]c.a.n.c.c.i.ClientWorker - get changedGroupKeys:[]
10/20/2020 08:48:31 INFO  1.0.0 [com.alibaba.nacos.client.Worker.longPolling.fixed-localhost_8848]c.a.n.c.c.i.ClientWorker - get changedGroupKeys:[]
10/20/2020 08:49:01 INFO  1.0.0 [com.alibaba.nacos.client.Worker.longPolling.fixed-localhost_8848]c.a.n.c.c.i.ClientWorker - get changedGroupKeys:[]
10/20/2020 08:49:31 INFO  1.0.0 [com.alibaba.nacos.client.Worker.longPolling.fixed-localhost_8848]c.a.n.c.c.i.ClientWorker - get changedGroupKeys:[]
10/20/2020 08:50:00 INFO  1.0.0 [com.alibaba.nacos.client.Worker.longPolling.fixed-localhost_8848]c.a.n.c.c.i.ClientWorker - get changedGroupKeys:[]
10/20/2020 08:50:30 INFO  1.0.0 [com.alibaba.nacos.client.Worker.longPolling.fixed-localhost_8848]c.a.n.c.c.i.ClientWorker - get changedGroupKeys:[]
10/20/2020 08:50:59 INFO  1.0.0 [com.alibaba.nacos.client.Worker.longPolling.fixed-localhost_8848]c.a.n.c.c.i.ClientWorker - get changedGroupKeys:[]
10/20/2020 08:51:29 INFO  1.0.0 [com.alibaba.nacos.client.Worker.longPolling.fixed-localhost_8848]c.a.n.c.c.i.ClientWorker - get changedGroupKeys:[]
10/20/2020 08:51:58 INFO  1.0.0 [com.alibaba.nacos.client.Worker.longPolling.fixed-localhost_8848]c.a.n.c.c.i.ClientWorker - get changedGroupKeys:[]
10/20/2020 08:52:28 INFO  1.0.0 [com.alibaba.nacos.client.Worker.longPolling.fixed-localhost_8848]c.a.n.c.c.i.ClientWorker - get changedGroupKeys:[]
10/20/2020 08:52:57 INFO  1.0.0 [com.alibaba.nacos.client.Worker.longPolling.fixed-localhost_8848]c.a.n.c.c.i.ClientWorker - get changedGroupKeys:[]
10/20/2020 08:53:27 INFO  1.0.0 [com.alibaba.nacos.client.Worker.longPolling.fixed-localhost_8848]c.a.n.c.c.i.ClientWorker - get changedGroupKeys:[]
10/20/2020 08:53:56 INFO  1.0.0 [com.alibaba.nacos.client.Worker.longPolling.fixed-localhost_8848]c.a.n.c.c.i.ClientWorker - get changedGroupKeys:[]
10/20/2020 08:54:26 INFO  1.0.0 [com.alibaba.nacos.client.Worker.longPolling.fixed-localhost_8848]c.a.n.c.c.i.ClientWorker - get changedGroupKeys:[]
10/20/2020 08:54:55 INFO  1.0.0 [com.alibaba.nacos.client.Worker.longPolling.fixed-localhost_8848]c.a.n.c.c.i.ClientWorker - get changedGroupKeys:[]
10/20/2020 08:55:25 INFO  1.0.0 [com.alibaba.nacos.client.Worker.longPolling.fixed-localhost_8848]c.a.n.c.c.i.ClientWorker - get changedGroupKeys:[]
10/20/2020 08:55:54 INFO  1.0.0 [com.alibaba.nacos.client.Worker.longPolling.fixed-localhost_8848]c.a.n.c.c.i.ClientWorker - get changedGroupKeys:[]
10/20/2020 08:56:24 INFO  1.0.0 [com.alibaba.nacos.client.Worker.longPolling.fixed-localhost_8848]c.a.n.c.c.i.ClientWorker - get changedGroupKeys:[]
10/20/2020 08:56:53 INFO  1.0.0 [com.alibaba.nacos.client.Worker.longPolling.fixed-localhost_8848]c.a.n.c.c.i.ClientWorker - get changedGroupKeys:[]
10/20/2020 08:57:23 INFO  1.0.0 [com.alibaba.nacos.client.Worker.longPolling.fixed-localhost_8848]c.a.n.c.c.i.ClientWorker - get changedGroupKeys:[]
10/20/2020 08:57:52 INFO  1.0.0 [com.alibaba.nacos.client.Worker.longPolling.fixed-localhost_8848]c.a.n.c.c.i.ClientWorker - get changedGroupKeys:[]
10/20/2020 08:58:22 INFO  1.0.0 [com.alibaba.nacos.client.Worker.longPolling.fixed-localhost_8848]c.a.n.c.c.i.ClientWorker - get changedGroupKeys:[]
10/20/2020 08:58:51 INFO  1.0.0 [com.alibaba.nacos.client.Worker.longPolling.fixed-localhost_8848]c.a.n.c.c.i.ClientWorker - get changedGroupKeys:[]
10/20/2020 08:59:21 INFO  1.0.0 [com.alibaba.nacos.client.Worker.longPolling.fixed-localhost_8848]c.a.n.c.c.i.ClientWorker - get changedGroupKeys:[]
10/20/2020 08:59:50 INFO  1.0.0 [com.alibaba.nacos.client.Worker.longPolling.fixed-localhost_8848]c.a.n.c.c.i.ClientWorker - get changedGroupKeys:[]
10/20/2020 09:00:20 INFO  1.0.0 [com.alibaba.nacos.client.Worker.longPolling.fixed-localhost_8848]c.a.n.c.c.i.ClientWorker - get changedGroupKeys:[]
10/20/2020 09:00:49 INFO  1.0.0 [com.alibaba.nacos.client.Worker.longPolling.fixed-localhost_8848]c.a.n.c.c.i.ClientWorker - get changedGroupKeys:[]
10/20/2020 09:01:19 INFO  1.0.0 [com.alibaba.nacos.client.Worker.longPolling.fixed-localhost_8848]c.a.n.c.c.i.ClientWorker - get changedGroupKeys:[]
10/20/2020 09:01:48 INFO  1.0.0 [com.alibaba.nacos.client.Worker.longPolling.fixed-localhost_8848]c.a.n.c.c.i.ClientWorker - get changedGroupKeys:[]
10/20/2020 09:02:18 INFO  1.0.0 [com.alibaba.nacos.client.Worker.longPolling.fixed-localhost_8848]c.a.n.c.c.i.ClientWorker - get changedGroupKeys:[]
10/20/2020 09:02:47 INFO  1.0.0 [com.alibaba.nacos.client.Worker.longPolling.fixed-localhost_8848]c.a.n.c.c.i.ClientWorker - get changedGroupKeys:[]
10/20/2020 09:03:17 INFO  1.0.0 [com.alibaba.nacos.client.Worker.longPolling.fixed-localhost_8848]c.a.n.c.c.i.ClientWorker - get changedGroupKeys:[]
10/20/2020 09:03:46 INFO  1.0.0 [com.alibaba.nacos.client.Worker.longPolling.fixed-localhost_8848]c.a.n.c.c.i.ClientWorker - get changedGroupKeys:[]
10/20/2020 09:04:16 INFO  1.0.0 [com.alibaba.nacos.client.Worker.longPolling.fixed-localhost_8848]c.a.n.c.c.i.ClientWorker - get changedGroupKeys:[]
10/20/2020 09:04:45 INFO  1.0.0 [com.alibaba.nacos.client.Worker.longPolling.fixed-localhost_8848]c.a.n.c.c.i.ClientWorker - get changedGroupKeys:[]
10/20/2020 09:05:15 INFO  1.0.0 [com.alibaba.nacos.client.Worker.longPolling.fixed-localhost_8848]c.a.n.c.c.i.ClientWorker - get changedGroupKeys:[]
10/20/2020 09:05:44 INFO  1.0.0 [com.alibaba.nacos.client.Worker.longPolling.fixed-localhost_8848]c.a.n.c.c.i.ClientWorker - get changedGroupKeys:[]
10/20/2020 09:06:14 INFO  1.0.0 [com.alibaba.nacos.client.Worker.longPolling.fixed-localhost_8848]c.a.n.c.c.i.ClientWorker - get changedGroupKeys:[]
10/20/2020 09:06:43 INFO  1.0.0 [com.alibaba.nacos.client.Worker.longPolling.fixed-localhost_8848]c.a.n.c.c.i.ClientWorker - get changedGroupKeys:[]
10/20/2020 09:07:13 INFO  1.0.0 [com.alibaba.nacos.client.Worker.longPolling.fixed-localhost_8848]c.a.n.c.c.i.ClientWorker - get changedGroupKeys:[]
10/20/2020 09:07:42 INFO  1.0.0 [com.alibaba.nacos.client.Worker.longPolling.fixed-localhost_8848]c.a.n.c.c.i.ClientWorker - get changedGroupKeys:[]
10/20/2020 09:08:12 INFO  1.0.0 [com.alibaba.nacos.client.Worker.longPolling.fixed-localhost_8848]c.a.n.c.c.i.ClientWorker - get changedGroupKeys:[]
10/20/2020 09:08:41 INFO  1.0.0 [com.alibaba.nacos.client.Worker.longPolling.fixed-localhost_8848]c.a.n.c.c.i.ClientWorker - get changedGroupKeys:[]
10/20/2020 09:09:11 INFO  1.0.0 [com.alibaba.nacos.client.Worker.longPolling.fixed-localhost_8848]c.a.n.c.c.i.ClientWorker - get changedGroupKeys:[]
10/20/2020 09:09:40 INFO  1.0.0 [com.alibaba.nacos.client.Worker.longPolling.fixed-localhost_8848]c.a.n.c.c.i.ClientWorker - get changedGroupKeys:[]
10/20/2020 09:10:10 INFO  1.0.0 [com.alibaba.nacos.client.Worker.longPolling.fixed-localhost_8848]c.a.n.c.c.i.ClientWorker - get changedGroupKeys:[]
10/20/2020 09:10:39 INFO  1.0.0 [com.alibaba.nacos.client.Worker.longPolling.fixed-localhost_8848]c.a.n.c.c.i.ClientWorker - get changedGroupKeys:[]
10/20/2020 09:11:09 INFO  1.0.0 [com.alibaba.nacos.client.Worker.longPolling.fixed-localhost_8848]c.a.n.c.c.i.ClientWorker - get changedGroupKeys:[]
10/20/2020 09:11:38 INFO  1.0.0 [com.alibaba.nacos.client.Worker.longPolling.fixed-localhost_8848]c.a.n.c.c.i.ClientWorker - get changedGroupKeys:[]
10/20/2020 09:12:08 INFO  1.0.0 [com.alibaba.nacos.client.Worker.longPolling.fixed-localhost_8848]c.a.n.c.c.i.ClientWorker - get changedGroupKeys:[]
10/20/2020 09:12:37 INFO  1.0.0 [com.alibaba.nacos.client.Worker.longPolling.fixed-localhost_8848]c.a.n.c.c.i.ClientWorker - get changedGroupKeys:[]
10/20/2020 09:13:07 INFO  1.0.0 [com.alibaba.nacos.client.Worker.longPolling.fixed-localhost_8848]c.a.n.c.c.i.ClientWorker - get changedGroupKeys:[]
10/20/2020 09:13:36 INFO  1.0.0 [com.alibaba.nacos.client.Worker.longPolling.fixed-localhost_8848]c.a.n.c.c.i.ClientWorker - get changedGroupKeys:[]
10/20/2020 09:14:06 INFO  1.0.0 [com.alibaba.nacos.client.Worker.longPolling.fixed-localhost_8848]c.a.n.c.c.i.ClientWorker - get changedGroupKeys:[]
10/20/2020 09:14:35 INFO  1.0.0 [com.alibaba.nacos.client.Worker.longPolling.fixed-localhost_8848]c.a.n.c.c.i.ClientWorker - get changedGroupKeys:[]
10/20/2020 09:15:05 INFO  1.0.0 [com.alibaba.nacos.client.Worker.longPolling.fixed-localhost_8848]c.a.n.c.c.i.ClientWorker - get changedGroupKeys:[]
10/20/2020 09:15:34 INFO  1.0.0 [com.alibaba.nacos.client.Worker.longPolling.fixed-localhost_8848]c.a.n.c.c.i.ClientWorker - get changedGroupKeys:[]
10/20/2020 09:16:04 INFO  1.0.0 [com.alibaba.nacos.client.Worker.longPolling.fixed-localhost_8848]c.a.n.c.c.i.ClientWorker - get changedGroupKeys:[]
10/20/2020 09:16:34 INFO  1.0.0 [com.alibaba.nacos.client.Worker.longPolling.fixed-localhost_8848]c.a.n.c.c.i.ClientWorker - get changedGroupKeys:[]
10/20/2020 09:17:03 INFO  1.0.0 [com.alibaba.nacos.client.Worker.longPolling.fixed-localhost_8848]c.a.n.c.c.i.ClientWorker - get changedGroupKeys:[]
10/20/2020 09:17:33 INFO  1.0.0 [com.alibaba.nacos.client.Worker.longPolling.fixed-localhost_8848]c.a.n.c.c.i.ClientWorker - get changedGroupKeys:[]
10/20/2020 09:18:02 INFO  1.0.0 [com.alibaba.nacos.client.Worker.longPolling.fixed-localhost_8848]c.a.n.c.c.i.ClientWorker - get changedGroupKeys:[]
10/20/2020 09:18:32 INFO  1.0.0 [com.alibaba.nacos.client.Worker.longPolling.fixed-localhost_8848]c.a.n.c.c.i.ClientWorker - get changedGroupKeys:[]
10/20/2020 09:19:01 INFO  1.0.0 [com.alibaba.nacos.client.Worker.longPolling.fixed-localhost_8848]c.a.n.c.c.i.ClientWorker - get changedGroupKeys:[]
10/20/2020 09:19:31 INFO  1.0.0 [com.alibaba.nacos.client.Worker.longPolling.fixed-localhost_8848]c.a.n.c.c.i.ClientWorker - get changedGroupKeys:[]
10/20/2020 09:20:00 INFO  1.0.0 [com.alibaba.nacos.client.Worker.longPolling.fixed-localhost_8848]c.a.n.c.c.i.ClientWorker - get changedGroupKeys:[]
10/20/2020 09:20:30 INFO  1.0.0 [com.alibaba.nacos.client.Worker.longPolling.fixed-localhost_8848]c.a.n.c.c.i.ClientWorker - get changedGroupKeys:[]
10/20/2020 09:20:59 INFO  1.0.0 [com.alibaba.nacos.client.Worker.longPolling.fixed-localhost_8848]c.a.n.c.c.i.ClientWorker - get changedGroupKeys:[]
10/20/2020 09:21:29 INFO  1.0.0 [com.alibaba.nacos.client.Worker.longPolling.fixed-localhost_8848]c.a.n.c.c.i.ClientWorker - get changedGroupKeys:[]
10/20/2020 09:21:58 INFO  1.0.0 [com.alibaba.nacos.client.Worker.longPolling.fixed-localhost_8848]c.a.n.c.c.i.ClientWorker - get changedGroupKeys:[]
10/20/2020 09:22:28 INFO  1.0.0 [com.alibaba.nacos.client.Worker.longPolling.fixed-localhost_8848]c.a.n.c.c.i.ClientWorker - get changedGroupKeys:[]
10/20/2020 09:22:57 INFO  1.0.0 [com.alibaba.nacos.client.Worker.longPolling.fixed-localhost_8848]c.a.n.c.c.i.ClientWorker - get changedGroupKeys:[]
10/20/2020 09:23:27 INFO  1.0.0 [com.alibaba.nacos.client.Worker.longPolling.fixed-localhost_8848]c.a.n.c.c.i.ClientWorker - get changedGroupKeys:[]
10/20/2020 09:23:56 INFO  1.0.0 [com.alibaba.nacos.client.Worker.longPolling.fixed-localhost_8848]c.a.n.c.c.i.ClientWorker - get changedGroupKeys:[]
10/20/2020 09:24:26 INFO  1.0.0 [com.alibaba.nacos.client.Worker.longPolling.fixed-localhost_8848]c.a.n.c.c.i.ClientWorker - get changedGroupKeys:[]
10/20/2020 09:24:55 INFO  1.0.0 [com.alibaba.nacos.client.Worker.longPolling.fixed-localhost_8848]c.a.n.c.c.i.ClientWorker - get changedGroupKeys:[]
10/20/2020 09:25:25 INFO  1.0.0 [com.alibaba.nacos.client.Worker.longPolling.fixed-localhost_8848]c.a.n.c.c.i.ClientWorker - get changedGroupKeys:[]
10/20/2020 09:25:54 INFO  1.0.0 [com.alibaba.nacos.client.Worker.longPolling.fixed-localhost_8848]c.a.n.c.c.i.ClientWorker - get changedGroupKeys:[]
10/20/2020 09:26:24 INFO  1.0.0 [com.alibaba.nacos.client.Worker.longPolling.fixed-localhost_8848]c.a.n.c.c.i.ClientWorker - get changedGroupKeys:[]
10/20/2020 09:26:53 INFO  1.0.0 [com.alibaba.nacos.client.Worker.longPolling.fixed-localhost_8848]c.a.n.c.c.i.ClientWorker - get changedGroupKeys:[]
10/20/2020 09:27:23 INFO  1.0.0 [com.alibaba.nacos.client.Worker.longPolling.fixed-localhost_8848]c.a.n.c.c.i.ClientWorker - get changedGroupKeys:[]
10/20/2020 09:27:52 INFO  1.0.0 [com.alibaba.nacos.client.Worker.longPolling.fixed-localhost_8848]c.a.n.c.c.i.ClientWorker - get changedGroupKeys:[]
10/20/2020 09:28:22 INFO  1.0.0 [com.alibaba.nacos.client.Worker.longPolling.fixed-localhost_8848]c.a.n.c.c.i.ClientWorker - get changedGroupKeys:[]
10/20/2020 09:28:51 INFO  1.0.0 [com.alibaba.nacos.client.Worker.longPolling.fixed-localhost_8848]c.a.n.c.c.i.ClientWorker - get changedGroupKeys:[]
10/20/2020 09:29:21 INFO  1.0.0 [com.alibaba.nacos.client.Worker.longPolling.fixed-localhost_8848]c.a.n.c.c.i.ClientWorker - get changedGroupKeys:[]
10/20/2020 09:29:50 INFO  1.0.0 [com.alibaba.nacos.client.Worker.longPolling.fixed-localhost_8848]c.a.n.c.c.i.ClientWorker - get changedGroupKeys:[]
10/20/2020 09:30:20 INFO  1.0.0 [com.alibaba.nacos.client.Worker.longPolling.fixed-localhost_8848]c.a.n.c.c.i.ClientWorker - get changedGroupKeys:[]
10/20/2020 09:30:49 INFO  1.0.0 [com.alibaba.nacos.client.Worker.longPolling.fixed-localhost_8848]c.a.n.c.c.i.ClientWorker - get changedGroupKeys:[]
10/20/2020 09:31:19 INFO  1.0.0 [com.alibaba.nacos.client.Worker.longPolling.fixed-localhost_8848]c.a.n.c.c.i.ClientWorker - get changedGroupKeys:[]
10/20/2020 09:31:48 INFO  1.0.0 [com.alibaba.nacos.client.Worker.longPolling.fixed-localhost_8848]c.a.n.c.c.i.ClientWorker - get changedGroupKeys:[]
10/20/2020 09:32:18 INFO  1.0.0 [com.alibaba.nacos.client.Worker.longPolling.fixed-localhost_8848]c.a.n.c.c.i.ClientWorker - get changedGroupKeys:[]
10/20/2020 09:32:47 INFO  1.0.0 [com.alibaba.nacos.client.Worker.longPolling.fixed-localhost_8848]c.a.n.c.c.i.ClientWorker - get changedGroupKeys:[]
10/20/2020 09:33:17 INFO  1.0.0 [com.alibaba.nacos.client.Worker.longPolling.fixed-localhost_8848]c.a.n.c.c.i.ClientWorker - get changedGroupKeys:[]
10/20/2020 09:33:47 INFO  1.0.0 [com.alibaba.nacos.client.Worker.longPolling.fixed-localhost_8848]c.a.n.c.c.i.ClientWorker - get changedGroupKeys:[]
10/20/2020 09:34:16 INFO  1.0.0 [com.alibaba.nacos.client.Worker.longPolling.fixed-localhost_8848]c.a.n.c.c.i.ClientWorker - get changedGroupKeys:[]
10/20/2020 09:34:46 INFO  1.0.0 [com.alibaba.nacos.client.Worker.longPolling.fixed-localhost_8848]c.a.n.c.c.i.ClientWorker - get changedGroupKeys:[]
10/20/2020 09:35:15 INFO  1.0.0 [com.alibaba.nacos.client.Worker.longPolling.fixed-localhost_8848]c.a.n.c.c.i.ClientWorker - get changedGroupKeys:[]
10/20/2020 09:35:45 INFO  1.0.0 [com.alibaba.nacos.client.Worker.longPolling.fixed-localhost_8848]c.a.n.c.c.i.ClientWorker - get changedGroupKeys:[]
10/20/2020 09:36:14 INFO  1.0.0 [com.alibaba.nacos.client.Worker.longPolling.fixed-localhost_8848]c.a.n.c.c.i.ClientWorker - get changedGroupKeys:[]
10/20/2020 09:36:44 INFO  1.0.0 [com.alibaba.nacos.client.Worker.longPolling.fixed-localhost_8848]c.a.n.c.c.i.ClientWorker - get changedGroupKeys:[]
10/20/2020 09:37:13 INFO  1.0.0 [com.alibaba.nacos.client.Worker.longPolling.fixed-localhost_8848]c.a.n.c.c.i.ClientWorker - get changedGroupKeys:[]
10/20/2020 09:37:43 INFO  1.0.0 [com.alibaba.nacos.client.Worker.longPolling.fixed-localhost_8848]c.a.n.c.c.i.ClientWorker - get changedGroupKeys:[]
10/20/2020 09:38:12 INFO  1.0.0 [com.alibaba.nacos.client.Worker.longPolling.fixed-localhost_8848]c.a.n.c.c.i.ClientWorker - get changedGroupKeys:[]
10/20/2020 09:38:42 INFO  1.0.0 [com.alibaba.nacos.client.Worker.longPolling.fixed-localhost_8848]c.a.n.c.c.i.ClientWorker - get changedGroupKeys:[]
10/20/2020 09:39:11 INFO  1.0.0 [com.alibaba.nacos.client.Worker.longPolling.fixed-localhost_8848]c.a.n.c.c.i.ClientWorker - get changedGroupKeys:[]
10/20/2020 09:39:41 INFO  1.0.0 [com.alibaba.nacos.client.Worker.longPolling.fixed-localhost_8848]c.a.n.c.c.i.ClientWorker - get changedGroupKeys:[]
10/20/2020 09:40:10 INFO  1.0.0 [com.alibaba.nacos.client.Worker.longPolling.fixed-localhost_8848]c.a.n.c.c.i.ClientWorker - get changedGroupKeys:[]
10/20/2020 09:40:40 INFO  1.0.0 [com.alibaba.nacos.client.Worker.longPolling.fixed-localhost_8848]c.a.n.c.c.i.ClientWorker - get changedGroupKeys:[]
10/20/2020 09:41:09 INFO  1.0.0 [com.alibaba.nacos.client.Worker.longPolling.fixed-localhost_8848]c.a.n.c.c.i.ClientWorker - get changedGroupKeys:[]
10/20/2020 09:41:39 INFO  1.0.0 [com.alibaba.nacos.client.Worker.longPolling.fixed-localhost_8848]c.a.n.c.c.i.ClientWorker - get changedGroupKeys:[]
10/20/2020 09:42:08 INFO  1.0.0 [com.alibaba.nacos.client.Worker.longPolling.fixed-localhost_8848]c.a.n.c.c.i.ClientWorker - get changedGroupKeys:[]
10/20/2020 09:42:38 INFO  1.0.0 [com.alibaba.nacos.client.Worker.longPolling.fixed-localhost_8848]c.a.n.c.c.i.ClientWorker - get changedGroupKeys:[]
10/20/2020 09:43:07 INFO  1.0.0 [com.alibaba.nacos.client.Worker.longPolling.fixed-localhost_8848]c.a.n.c.c.i.ClientWorker - get changedGroupKeys:[]
10/20/2020 09:43:37 INFO  1.0.0 [com.alibaba.nacos.client.Worker.longPolling.fixed-localhost_8848]c.a.n.c.c.i.ClientWorker - get changedGroupKeys:[]
10/20/2020 09:44:06 INFO  1.0.0 [com.alibaba.nacos.client.Worker.longPolling.fixed-localhost_8848]c.a.n.c.c.i.ClientWorker - get changedGroupKeys:[]
10/20/2020 09:44:36 INFO  1.0.0 [com.alibaba.nacos.client.Worker.longPolling.fixed-localhost_8848]c.a.n.c.c.i.ClientWorker - get changedGroupKeys:[]
10/20/2020 09:45:05 INFO  1.0.0 [com.alibaba.nacos.client.Worker.longPolling.fixed-localhost_8848]c.a.n.c.c.i.ClientWorker - get changedGroupKeys:[]
10/20/2020 09:45:35 INFO  1.0.0 [com.alibaba.nacos.client.Worker.longPolling.fixed-localhost_8848]c.a.n.c.c.i.ClientWorker - get changedGroupKeys:[]
10/20/2020 09:46:04 INFO  1.0.0 [com.alibaba.nacos.client.Worker.longPolling.fixed-localhost_8848]c.a.n.c.c.i.ClientWorker - get changedGroupKeys:[]
10/20/2020 09:46:34 INFO  1.0.0 [com.alibaba.nacos.client.Worker.longPolling.fixed-localhost_8848]c.a.n.c.c.i.ClientWorker - get changedGroupKeys:[]
10/20/2020 09:47:03 INFO  1.0.0 [com.alibaba.nacos.client.Worker.longPolling.fixed-localhost_8848]c.a.n.c.c.i.ClientWorker - get changedGroupKeys:[]
10/20/2020 09:47:33 INFO  1.0.0 [com.alibaba.nacos.client.Worker.longPolling.fixed-localhost_8848]c.a.n.c.c.i.ClientWorker - get changedGroupKeys:[]
10/20/2020 09:48:02 INFO  1.0.0 [com.alibaba.nacos.client.Worker.longPolling.fixed-localhost_8848]c.a.n.c.c.i.ClientWorker - get changedGroupKeys:[]
10/20/2020 09:48:32 INFO  1.0.0 [com.alibaba.nacos.client.Worker.longPolling.fixed-localhost_8848]c.a.n.c.c.i.ClientWorker - get changedGroupKeys:[]
10/20/2020 09:49:01 INFO  1.0.0 [com.alibaba.nacos.client.Worker.longPolling.fixed-localhost_8848]c.a.n.c.c.i.ClientWorker - get changedGroupKeys:[]
10/20/2020 09:49:31 INFO  1.0.0 [com.alibaba.nacos.client.Worker.longPolling.fixed-localhost_8848]c.a.n.c.c.i.ClientWorker - get changedGroupKeys:[]
10/20/2020 09:50:00 INFO  1.0.0 [com.alibaba.nacos.client.Worker.longPolling.fixed-localhost_8848]c.a.n.c.c.i.ClientWorker - get changedGroupKeys:[]
10/20/2020 09:50:30 INFO  1.0.0 [com.alibaba.nacos.client.Worker.longPolling.fixed-localhost_8848]c.a.n.c.c.i.ClientWorker - get changedGroupKeys:[]
10/20/2020 09:50:59 INFO  1.0.0 [com.alibaba.nacos.client.Worker.longPolling.fixed-localhost_8848]c.a.n.c.c.i.ClientWorker - get changedGroupKeys:[]
10/20/2020 09:51:29 INFO  1.0.0 [com.alibaba.nacos.client.Worker.longPolling.fixed-localhost_8848]c.a.n.c.c.i.ClientWorker - get changedGroupKeys:[]
10/20/2020 09:51:58 INFO  1.0.0 [com.alibaba.nacos.client.Worker.longPolling.fixed-localhost_8848]c.a.n.c.c.i.ClientWorker - get changedGroupKeys:[]
10/20/2020 09:52:28 INFO  1.0.0 [com.alibaba.nacos.client.Worker.longPolling.fixed-localhost_8848]c.a.n.c.c.i.ClientWorker - get changedGroupKeys:[]
10/20/2020 09:52:57 INFO  1.0.0 [com.alibaba.nacos.client.Worker.longPolling.fixed-localhost_8848]c.a.n.c.c.i.ClientWorker - get changedGroupKeys:[]
10/20/2020 09:53:27 INFO  1.0.0 [com.alibaba.nacos.client.Worker.longPolling.fixed-localhost_8848]c.a.n.c.c.i.ClientWorker - get changedGroupKeys:[]
10/20/2020 09:53:56 INFO  1.0.0 [com.alibaba.nacos.client.Worker.longPolling.fixed-localhost_8848]c.a.n.c.c.i.ClientWorker - get changedGroupKeys:[]
10/20/2020 09:54:26 INFO  1.0.0 [com.alibaba.nacos.client.Worker.longPolling.fixed-localhost_8848]c.a.n.c.c.i.ClientWorker - get changedGroupKeys:[]
10/20/2020 09:54:55 INFO  1.0.0 [com.alibaba.nacos.client.Worker.longPolling.fixed-localhost_8848]c.a.n.c.c.i.ClientWorker - get changedGroupKeys:[]
10/20/2020 09:55:25 INFO  1.0.0 [com.alibaba.nacos.client.Worker.longPolling.fixed-localhost_8848]c.a.n.c.c.i.ClientWorker - get changedGroupKeys:[]
10/20/2020 09:55:54 INFO  1.0.0 [com.alibaba.nacos.client.Worker.longPolling.fixed-localhost_8848]c.a.n.c.c.i.ClientWorker - get changedGroupKeys:[]
10/20/2020 09:56:24 INFO  1.0.0 [com.alibaba.nacos.client.Worker.longPolling.fixed-localhost_8848]c.a.n.c.c.i.ClientWorker - get changedGroupKeys:[]
10/20/2020 09:56:53 INFO  1.0.0 [com.alibaba.nacos.client.Worker.longPolling.fixed-localhost_8848]c.a.n.c.c.i.ClientWorker - get changedGroupKeys:[]
10/20/2020 09:57:23 INFO  1.0.0 [com.alibaba.nacos.client.Worker.longPolling.fixed-localhost_8848]c.a.n.c.c.i.ClientWorker - get changedGroupKeys:[]
10/20/2020 09:57:52 INFO  1.0.0 [com.alibaba.nacos.client.Worker.longPolling.fixed-localhost_8848]c.a.n.c.c.i.ClientWorker - get changedGroupKeys:[]
10/20/2020 09:58:22 INFO  1.0.0 [com.alibaba.nacos.client.Worker.longPolling.fixed-localhost_8848]c.a.n.c.c.i.ClientWorker - get changedGroupKeys:[]
10/20/2020 09:58:51 INFO  1.0.0 [com.alibaba.nacos.client.Worker.longPolling.fixed-localhost_8848]c.a.n.c.c.i.ClientWorker - get changedGroupKeys:[]
10/20/2020 09:59:21 INFO  1.0.0 [com.alibaba.nacos.client.Worker.longPolling.fixed-localhost_8848]c.a.n.c.c.i.ClientWorker - get changedGroupKeys:[]
10/20/2020 09:59:50 INFO  1.0.0 [com.alibaba.nacos.client.Worker.longPolling.fixed-localhost_8848]c.a.n.c.c.i.ClientWorker - get changedGroupKeys:[]
10/20/2020 10:00:20 INFO  1.0.0 [com.alibaba.nacos.client.Worker.longPolling.fixed-localhost_8848]c.a.n.c.c.i.ClientWorker - get changedGroupKeys:[]
10/20/2020 10:00:49 INFO  1.0.0 [com.alibaba.nacos.client.Worker.longPolling.fixed-localhost_8848]c.a.n.c.c.i.ClientWorker - get changedGroupKeys:[]
10/20/2020 10:01:19 INFO  1.0.0 [com.alibaba.nacos.client.Worker.longPolling.fixed-localhost_8848]c.a.n.c.c.i.ClientWorker - get changedGroupKeys:[]
10/20/2020 10:01:49 INFO  1.0.0 [com.alibaba.nacos.client.Worker.longPolling.fixed-localhost_8848]c.a.n.c.c.i.ClientWorker - get changedGroupKeys:[]
10/20/2020 10:02:18 INFO  1.0.0 [com.alibaba.nacos.client.Worker.longPolling.fixed-localhost_8848]c.a.n.c.c.i.ClientWorker - get changedGroupKeys:[]
10/20/2020 10:02:48 INFO  1.0.0 [com.alibaba.nacos.client.Worker.longPolling.fixed-localhost_8848]c.a.n.c.c.i.ClientWorker - get changedGroupKeys:[]
10/20/2020 10:03:17 INFO  1.0.0 [com.alibaba.nacos.client.Worker.longPolling.fixed-localhost_8848]c.a.n.c.c.i.ClientWorker - get changedGroupKeys:[]
10/20/2020 10:03:47 INFO  1.0.0 [com.alibaba.nacos.client.Worker.longPolling.fixed-localhost_8848]c.a.n.c.c.i.ClientWorker - get changedGroupKeys:[]
10/20/2020 10:04:16 INFO  1.0.0 [com.alibaba.nacos.client.Worker.longPolling.fixed-localhost_8848]c.a.n.c.c.i.ClientWorker - get changedGroupKeys:[]
10/20/2020 10:04:46 INFO  1.0.0 [com.alibaba.nacos.client.Worker.longPolling.fixed-localhost_8848]c.a.n.c.c.i.ClientWorker - get changedGroupKeys:[]
10/20/2020 10:05:15 INFO  1.0.0 [com.alibaba.nacos.client.Worker.longPolling.fixed-localhost_8848]c.a.n.c.c.i.ClientWorker - get changedGroupKeys:[]
10/20/2020 10:05:45 INFO  1.0.0 [com.alibaba.nacos.client.Worker.longPolling.fixed-localhost_8848]c.a.n.c.c.i.ClientWorker - get changedGroupKeys:[]
10/20/2020 10:06:14 INFO  1.0.0 [com.alibaba.nacos.client.Worker.longPolling.fixed-localhost_8848]c.a.n.c.c.i.ClientWorker - get changedGroupKeys:[]
10/20/2020 10:06:44 INFO  1.0.0 [com.alibaba.nacos.client.Worker.longPolling.fixed-localhost_8848]c.a.n.c.c.i.ClientWorker - get changedGroupKeys:[]
10/20/2020 10:07:13 INFO  1.0.0 [com.alibaba.nacos.client.Worker.longPolling.fixed-localhost_8848]c.a.n.c.c.i.ClientWorker - get changedGroupKeys:[]
10/20/2020 10:07:43 INFO  1.0.0 [com.alibaba.nacos.client.Worker.longPolling.fixed-localhost_8848]c.a.n.c.c.i.ClientWorker - get changedGroupKeys:[]
10/20/2020 10:08:12 INFO  1.0.0 [com.alibaba.nacos.client.Worker.longPolling.fixed-localhost_8848]c.a.n.c.c.i.ClientWorker - get changedGroupKeys:[]
10/20/2020 10:08:42 INFO  1.0.0 [com.alibaba.nacos.client.Worker.longPolling.fixed-localhost_8848]c.a.n.c.c.i.ClientWorker - get changedGroupKeys:[]
10/20/2020 10:09:11 INFO  1.0.0 [com.alibaba.nacos.client.Worker.longPolling.fixed-localhost_8848]c.a.n.c.c.i.ClientWorker - get changedGroupKeys:[]
10/20/2020 10:09:41 INFO  1.0.0 [com.alibaba.nacos.client.Worker.longPolling.fixed-localhost_8848]c.a.n.c.c.i.ClientWorker - get changedGroupKeys:[]
10/20/2020 10:10:10 INFO  1.0.0 [com.alibaba.nacos.client.Worker.longPolling.fixed-localhost_8848]c.a.n.c.c.i.ClientWorker - get changedGroupKeys:[]
10/20/2020 10:10:40 INFO  1.0.0 [com.alibaba.nacos.client.Worker.longPolling.fixed-localhost_8848]c.a.n.c.c.i.ClientWorker - get changedGroupKeys:[]
10/20/2020 10:11:09 INFO  1.0.0 [com.alibaba.nacos.client.Worker.longPolling.fixed-localhost_8848]c.a.n.c.c.i.ClientWorker - get changedGroupKeys:[]
10/20/2020 10:11:39 INFO  1.0.0 [com.alibaba.nacos.client.Worker.longPolling.fixed-localhost_8848]c.a.n.c.c.i.ClientWorker - get changedGroupKeys:[]
10/20/2020 10:12:08 INFO  1.0.0 [com.alibaba.nacos.client.Worker.longPolling.fixed-localhost_8848]c.a.n.c.c.i.ClientWorker - get changedGroupKeys:[]
10/20/2020 10:12:38 INFO  1.0.0 [com.alibaba.nacos.client.Worker.longPolling.fixed-localhost_8848]c.a.n.c.c.i.ClientWorker - get changedGroupKeys:[]
10/20/2020 10:13:07 INFO  1.0.0 [com.alibaba.nacos.client.Worker.longPolling.fixed-localhost_8848]c.a.n.c.c.i.ClientWorker - get changedGroupKeys:[]
10/20/2020 10:13:37 INFO  1.0.0 [com.alibaba.nacos.client.Worker.longPolling.fixed-localhost_8848]c.a.n.c.c.i.ClientWorker - get changedGroupKeys:[]
10/20/2020 10:14:06 INFO  1.0.0 [com.alibaba.nacos.client.Worker.longPolling.fixed-localhost_8848]c.a.n.c.c.i.ClientWorker - get changedGroupKeys:[]
10/20/2020 10:14:36 INFO  1.0.0 [com.alibaba.nacos.client.Worker.longPolling.fixed-localhost_8848]c.a.n.c.c.i.ClientWorker - get changedGroupKeys:[]
10/20/2020 10:15:05 INFO  1.0.0 [com.alibaba.nacos.client.Worker.longPolling.fixed-localhost_8848]c.a.n.c.c.i.ClientWorker - get changedGroupKeys:[]
10/20/2020 10:15:35 INFO  1.0.0 [com.alibaba.nacos.client.Worker.longPolling.fixed-localhost_8848]c.a.n.c.c.i.ClientWorker - get changedGroupKeys:[]
10/20/2020 10:16:04 INFO  1.0.0 [com.alibaba.nacos.client.Worker.longPolling.fixed-localhost_8848]c.a.n.c.c.i.ClientWorker - get changedGroupKeys:[]
10/20/2020 10:16:34 INFO  1.0.0 [com.alibaba.nacos.client.Worker.longPolling.fixed-localhost_8848]c.a.n.c.c.i.ClientWorker - get changedGroupKeys:[]
10/20/2020 10:17:03 INFO  1.0.0 [com.alibaba.nacos.client.Worker.longPolling.fixed-localhost_8848]c.a.n.c.c.i.ClientWorker - get changedGroupKeys:[]
10/20/2020 10:17:33 INFO  1.0.0 [com.alibaba.nacos.client.Worker.longPolling.fixed-localhost_8848]c.a.n.c.c.i.ClientWorker - get changedGroupKeys:[]
10/20/2020 10:18:02 INFO  1.0.0 [com.alibaba.nacos.client.Worker.longPolling.fixed-localhost_8848]c.a.n.c.c.i.ClientWorker - get changedGroupKeys:[]
10/20/2020 10:18:32 INFO  1.0.0 [com.alibaba.nacos.client.Worker.longPolling.fixed-localhost_8848]c.a.n.c.c.i.ClientWorker - get changedGroupKeys:[]
10/20/2020 10:19:01 INFO  1.0.0 [com.alibaba.nacos.client.Worker.longPolling.fixed-localhost_8848]c.a.n.c.c.i.ClientWorker - get changedGroupKeys:[]
10/20/2020 10:19:31 INFO  1.0.0 [com.alibaba.nacos.client.Worker.longPolling.fixed-localhost_8848]c.a.n.c.c.i.ClientWorker - get changedGroupKeys:[]
10/20/2020 10:20:00 INFO  1.0.0 [com.alibaba.nacos.client.Worker.longPolling.fixed-localhost_8848]c.a.n.c.c.i.ClientWorker - get changedGroupKeys:[]
10/20/2020 10:20:30 INFO  1.0.0 [com.alibaba.nacos.client.Worker.longPolling.fixed-localhost_8848]c.a.n.c.c.i.ClientWorker - get changedGroupKeys:[]
10/20/2020 10:20:59 INFO  1.0.0 [com.alibaba.nacos.client.Worker.longPolling.fixed-localhost_8848]c.a.n.c.c.i.ClientWorker - get changedGroupKeys:[]
10/20/2020 10:21:29 INFO  1.0.0 [com.alibaba.nacos.client.Worker.longPolling.fixed-localhost_8848]c.a.n.c.c.i.ClientWorker - get changedGroupKeys:[]
10/20/2020 10:21:58 INFO  1.0.0 [com.alibaba.nacos.client.Worker.longPolling.fixed-localhost_8848]c.a.n.c.c.i.ClientWorker - get changedGroupKeys:[]
10/20/2020 10:22:28 INFO  1.0.0 [com.alibaba.nacos.client.Worker.longPolling.fixed-localhost_8848]c.a.n.c.c.i.ClientWorker - get changedGroupKeys:[]
10/20/2020 10:22:57 INFO  1.0.0 [com.alibaba.nacos.client.Worker.longPolling.fixed-localhost_8848]c.a.n.c.c.i.ClientWorker - get changedGroupKeys:[]
10/20/2020 10:23:27 INFO  1.0.0 [com.alibaba.nacos.client.Worker.longPolling.fixed-localhost_8848]c.a.n.c.c.i.ClientWorker - get changedGroupKeys:[]
10/20/2020 10:23:56 INFO  1.0.0 [com.alibaba.nacos.client.Worker.longPolling.fixed-localhost_8848]c.a.n.c.c.i.ClientWorker - get changedGroupKeys:[]
10/20/2020 10:24:26 INFO  1.0.0 [com.alibaba.nacos.client.Worker.longPolling.fixed-localhost_8848]c.a.n.c.c.i.ClientWorker - get changedGroupKeys:[]
10/20/2020 10:24:55 INFO  1.0.0 [com.alibaba.nacos.client.Worker.longPolling.fixed-localhost_8848]c.a.n.c.c.i.ClientWorker - get changedGroupKeys:[]
10/20/2020 10:25:25 INFO  1.0.0 [com.alibaba.nacos.client.Worker.longPolling.fixed-localhost_8848]c.a.n.c.c.i.ClientWorker - get changedGroupKeys:[]
10/20/2020 10:25:54 INFO  1.0.0 [com.alibaba.nacos.client.Worker.longPolling.fixed-localhost_8848]c.a.n.c.c.i.ClientWorker - get changedGroupKeys:[]
10/20/2020 10:26:24 INFO  1.0.0 [com.alibaba.nacos.client.Worker.longPolling.fixed-localhost_8848]c.a.n.c.c.i.ClientWorker - get changedGroupKeys:[]
10/20/2020 10:26:53 INFO  1.0.0 [com.alibaba.nacos.client.Worker.longPolling.fixed-localhost_8848]c.a.n.c.c.i.ClientWorker - get changedGroupKeys:[]
10/20/2020 10:27:23 INFO  1.0.0 [com.alibaba.nacos.client.Worker.longPolling.fixed-localhost_8848]c.a.n.c.c.i.ClientWorker - get changedGroupKeys:[]
10/20/2020 10:27:32 INFO  1.0.0 [Thread-29]o.s.s.c.ThreadPoolTaskScheduler - Shutting down ExecutorService 'Nacso-Watch-Task-Scheduler'
10/20/2020 10:27:32 INFO  1.0.0 [Thread-29]c.a.c.n.r.NacosServiceRegistry - De-registering from Nacos Server now...
10/20/2020 10:27:32 INFO  1.0.0 [Thread-29]c.a.n.c.naming - [BEAT] removing beat: DEFAULT_GROUP@@shop-base-service:169.254.184.149:9000 from beat map.
10/20/2020 10:27:32 INFO  1.0.0 [Thread-29]c.a.n.c.naming - [DEREGISTER-SERVICE] public deregistering service DEFAULT_GROUP@@shop-base-service with instance: {"clusterName":"DEFAULT","enabled":true,"ephemeral":true,"healthy":true,"instanceHeartBeatInterval":5000,"instanceHeartBeatTimeOut":15000,"instanceIdGenerator":"simple","ip":"169.254.184.149","ipDeleteTimeout":30000,"metadata":{},"port":9000,"weight":1.0}
10/20/2020 10:27:32 INFO  1.0.0 [Thread-29]c.a.c.n.r.NacosServiceRegistry - De-registration finished.
10/20/2020 10:32:28 INFO  1.0.0 [main]c.a.n.c.c.i.LocalConfigInfoProcessor - LOCAL_SNAPSHOT_PATH:/Users/ys/nacos/config
10/20/2020 10:32:28 INFO  1.0.0 [main]c.a.n.c.c.i.Limiter - limitTime:5.0
10/20/2020 10:32:28 WARN  1.0.0 [main]c.a.c.n.c.NacosPropertySourceBuilder - Ignore the empty nacos configuration and get it based on dataId[shop-base-service] & group[DEFAULT_GROUP]
10/20/2020 10:32:28 WARN  1.0.0 [main]c.a.c.n.c.NacosPropertySourceBuilder - Ignore the empty nacos configuration and get it based on dataId[shop-base-service.properties] & group[DEFAULT_GROUP]
10/20/2020 10:32:28 WARN  1.0.0 [main]c.a.c.n.c.NacosPropertySourceBuilder - Ignore the empty nacos configuration and get it based on dataId[shop-base-service-dev.properties] & group[DEFAULT_GROUP]
10/20/2020 10:32:28 INFO  1.0.0 [main]o.s.c.b.c.PropertySourceBootstrapConfiguration - Located property source: [BootstrapPropertySource {name='bootstrapProperties-shop-base-service-dev.properties,DEFAULT_GROUP'}, BootstrapPropertySource {name='bootstrapProperties-shop-base-service.properties,DEFAULT_GROUP'}, BootstrapPropertySource {name='bootstrapProperties-shop-base-service,DEFAULT_GROUP'}]
10/20/2020 10:32:28 INFO  1.0.0 [main]c.z.b.BaseServiceApplication - The following profiles are active: dev
10/20/2020 10:32:29 INFO  1.0.0 [main]o.s.d.r.c.RepositoryConfigurationDelegate - Multiple Spring Data modules found, entering strict repository configuration mode!
10/20/2020 10:32:29 INFO  1.0.0 [main]o.s.d.r.c.RepositoryConfigurationDelegate - Bootstrapping Spring Data Redis repositories in DEFAULT mode.
10/20/2020 10:32:29 INFO  1.0.0 [main]o.s.d.r.c.RepositoryConfigurationDelegate - Finished Spring Data repository scanning in 6ms. Found 0 Redis repository interfaces.
10/20/2020 10:32:29 WARN  1.0.0 [main]o.m.s.m.ClassPathMapperScanner - No MyBatis mapper was found in '[com.zhonghualub.base]' package. Please check your configuration.
10/20/2020 10:32:29 INFO  1.0.0 [main]o.s.c.c.s.GenericScope - BeanFactory id=c771f455-2bc1-3453-b801-14965d9c92ec
10/20/2020 10:32:29 INFO  1.0.0 [main]o.s.b.w.e.t.TomcatWebServer - Tomcat initialized with port(s): 9000 (http)
10/20/2020 10:32:29 INFO  1.0.0 [main]o.a.c.h.Http11NioProtocol - Initializing ProtocolHandler ["http-nio-9000"]
10/20/2020 10:32:29 INFO  1.0.0 [main]o.a.c.c.StandardService - Starting service [Tomcat]
10/20/2020 10:32:29 INFO  1.0.0 [main]o.a.c.c.StandardEngine - Starting Servlet engine: [Apache Tomcat/9.0.38]
10/20/2020 10:32:29 INFO  1.0.0 [main]o.a.c.c.C.[.[.[/] - Initializing Spring embedded WebApplicationContext
10/20/2020 10:32:29 INFO  1.0.0 [main]o.s.w.c.ContextLoader - Root WebApplicationContext: initialization completed in 1077 ms
10/20/2020 10:32:30 WARN  1.0.0 [main]c.n.c.s.URLConfigurationSource - No URLs will be polled as dynamic configuration sources.
10/20/2020 10:32:30 INFO  1.0.0 [main]c.n.c.s.URLConfigurationSource - To enable URLs as dynamic configuration sources, define System property archaius.configurationSource.additionalUrls or make config.properties available on classpath.
10/20/2020 10:32:30 WARN  1.0.0 [main]c.n.c.s.URLConfigurationSource - No URLs will be polled as dynamic configuration sources.
10/20/2020 10:32:30 INFO  1.0.0 [main]c.n.c.s.URLConfigurationSource - To enable URLs as dynamic configuration sources, define System property archaius.configurationSource.additionalUrls or make config.properties available on classpath.
10/20/2020 10:32:30 INFO  1.0.0 [main]o.s.s.c.ThreadPoolTaskScheduler - Initializing ExecutorService 'Nacso-Watch-Task-Scheduler'
10/20/2020 10:32:30 INFO  1.0.0 [main]c.a.n.c.naming - initializer namespace from System Property :null
10/20/2020 10:32:30 INFO  1.0.0 [main]c.a.n.c.naming - initializer namespace from System Environment :null
10/20/2020 10:32:30 INFO  1.0.0 [main]c.a.n.c.naming - initializer namespace from System Property :null
10/20/2020 10:32:30 WARN  1.0.0 [main]c.a.d.p.DruidAbstractDataSource - oracle.jdbc.driver.OracleDriver is deprecated.Having use oracle.jdbc.OracleDriver.
10/20/2020 10:32:30 INFO  1.0.0 [main]o.a.c.h.Http11NioProtocol - Starting ProtocolHandler ["http-nio-9000"]
10/20/2020 10:32:30 INFO  1.0.0 [main]o.s.b.w.e.t.TomcatWebServer - Tomcat started on port(s): 9000 (http) with context path ''
10/20/2020 10:32:30 INFO  1.0.0 [main]c.a.n.c.naming - [BEAT] adding beat: {"cluster":"DEFAULT","ip":"169.254.184.149","metadata":{"preserved.register.source":"SPRING_CLOUD"},"period":5000,"port":9000,"scheduled":false,"serviceName":"DEFAULT_GROUP@@shop-base-service","stopped":false,"weight":1.0} to beat map.
10/20/2020 10:32:30 INFO  1.0.0 [main]c.a.n.c.naming - [REGISTER-SERVICE] public registering service DEFAULT_GROUP@@shop-base-service with instance: {"clusterName":"DEFAULT","enabled":true,"ephemeral":true,"healthy":true,"instanceHeartBeatInterval":5000,"instanceHeartBeatTimeOut":15000,"ip":"169.254.184.149","ipDeleteTimeout":30000,"metadata":{"preserved.register.source":"SPRING_CLOUD"},"port":9000,"weight":1.0}
10/20/2020 10:32:30 INFO  1.0.0 [main]c.a.c.n.r.NacosServiceRegistry - nacos registry, DEFAULT_GROUP shop-base-service 169.254.184.149:9000 register finished
10/20/2020 10:32:30 INFO  1.0.0 [main]c.z.b.BaseServiceApplication - Started BaseServiceApplication in 3.135 seconds (JVM running for 3.681)
10/20/2020 10:32:30 INFO  1.0.0 [main]c.a.n.c.c.i.ClientWorker - [fixed-localhost_8848] [subscribe] shop-base-service.properties+DEFAULT_GROUP
10/20/2020 10:32:30 INFO  1.0.0 [main]c.a.n.c.c.i.CacheData - [fixed-localhost_8848] [add-listener] ok, tenant=, dataId=shop-base-service.properties, group=DEFAULT_GROUP, cnt=1
10/20/2020 10:32:30 INFO  1.0.0 [main]c.a.n.c.c.i.ClientWorker - [fixed-localhost_8848] [subscribe] shop-base-service+DEFAULT_GROUP
10/20/2020 10:32:30 INFO  1.0.0 [main]c.a.n.c.c.i.CacheData - [fixed-localhost_8848] [add-listener] ok, tenant=, dataId=shop-base-service, group=DEFAULT_GROUP, cnt=1
10/20/2020 10:32:30 INFO  1.0.0 [main]c.a.n.c.c.i.ClientWorker - [fixed-localhost_8848] [subscribe] shop-base-service-dev.properties+DEFAULT_GROUP
10/20/2020 10:32:30 INFO  1.0.0 [main]c.a.n.c.c.i.CacheData - [fixed-localhost_8848] [add-listener] ok, tenant=, dataId=shop-base-service-dev.properties, group=DEFAULT_GROUP, cnt=1
10/20/2020 10:32:30 INFO  1.0.0 [com.alibaba.nacos.client.Worker.longPolling.fixed-localhost_8848]c.a.n.c.c.i.ClientWorker - get changedGroupKeys:[]
10/20/2020 10:33:00 INFO  1.0.0 [com.alibaba.nacos.client.Worker.longPolling.fixed-localhost_8848]c.a.n.c.c.i.ClientWorker - get changedGroupKeys:[]
10/20/2020 10:33:30 INFO  1.0.0 [com.alibaba.nacos.client.Worker.longPolling.fixed-localhost_8848]c.a.n.c.c.i.ClientWorker - get changedGroupKeys:[]
10/20/2020 10:33:59 INFO  1.0.0 [com.alibaba.nacos.client.Worker.longPolling.fixed-localhost_8848]c.a.n.c.c.i.ClientWorker - get changedGroupKeys:[]
10/20/2020 10:34:29 INFO  1.0.0 [com.alibaba.nacos.client.Worker.longPolling.fixed-localhost_8848]c.a.n.c.c.i.ClientWorker - get changedGroupKeys:[]
10/20/2020 10:34:58 INFO  1.0.0 [com.alibaba.nacos.client.Worker.longPolling.fixed-localhost_8848]c.a.n.c.c.i.ClientWorker - get changedGroupKeys:[]
10/20/2020 10:35:28 INFO  1.0.0 [com.alibaba.nacos.client.Worker.longPolling.fixed-localhost_8848]c.a.n.c.c.i.ClientWorker - get changedGroupKeys:[]
10/20/2020 10:35:57 INFO  1.0.0 [com.alibaba.nacos.client.Worker.longPolling.fixed-localhost_8848]c.a.n.c.c.i.ClientWorker - get changedGroupKeys:[]
10/20/2020 10:36:27 INFO  1.0.0 [com.alibaba.nacos.client.Worker.longPolling.fixed-localhost_8848]c.a.n.c.c.i.ClientWorker - get changedGroupKeys:[]
10/20/2020 10:36:56 INFO  1.0.0 [com.alibaba.nacos.client.Worker.longPolling.fixed-localhost_8848]c.a.n.c.c.i.ClientWorker - get changedGroupKeys:[]
10/20/2020 10:37:26 INFO  1.0.0 [com.alibaba.nacos.client.Worker.longPolling.fixed-localhost_8848]c.a.n.c.c.i.ClientWorker - get changedGroupKeys:[]
10/20/2020 10:37:55 INFO  1.0.0 [com.alibaba.nacos.client.Worker.longPolling.fixed-localhost_8848]c.a.n.c.c.i.ClientWorker - get changedGroupKeys:[]
10/20/2020 10:38:25 INFO  1.0.0 [com.alibaba.nacos.client.Worker.longPolling.fixed-localhost_8848]c.a.n.c.c.i.ClientWorker - get changedGroupKeys:[]
10/20/2020 10:38:54 INFO  1.0.0 [com.alibaba.nacos.client.Worker.longPolling.fixed-localhost_8848]c.a.n.c.c.i.ClientWorker - get changedGroupKeys:[]
10/20/2020 10:39:24 INFO  1.0.0 [com.alibaba.nacos.client.Worker.longPolling.fixed-localhost_8848]c.a.n.c.c.i.ClientWorker - get changedGroupKeys:[]
10/20/2020 10:39:53 INFO  1.0.0 [com.alibaba.nacos.client.Worker.longPolling.fixed-localhost_8848]c.a.n.c.c.i.ClientWorker - get changedGroupKeys:[]
10/20/2020 10:40:23 INFO  1.0.0 [com.alibaba.nacos.client.Worker.longPolling.fixed-localhost_8848]c.a.n.c.c.i.ClientWorker - get changedGroupKeys:[]
10/20/2020 10:40:52 INFO  1.0.0 [com.alibaba.nacos.client.Worker.longPolling.fixed-localhost_8848]c.a.n.c.c.i.ClientWorker - get changedGroupKeys:[]
10/20/2020 10:41:22 INFO  1.0.0 [com.alibaba.nacos.client.Worker.longPolling.fixed-localhost_8848]c.a.n.c.c.i.ClientWorker - get changedGroupKeys:[]
10/20/2020 10:41:51 INFO  1.0.0 [com.alibaba.nacos.client.Worker.longPolling.fixed-localhost_8848]c.a.n.c.c.i.ClientWorker - get changedGroupKeys:[]
10/20/2020 10:42:21 INFO  1.0.0 [com.alibaba.nacos.client.Worker.longPolling.fixed-localhost_8848]c.a.n.c.c.i.ClientWorker - get changedGroupKeys:[]
10/20/2020 10:42:50 INFO  1.0.0 [com.alibaba.nacos.client.Worker.longPolling.fixed-localhost_8848]c.a.n.c.c.i.ClientWorker - get changedGroupKeys:[]
10/20/2020 10:43:20 INFO  1.0.0 [com.alibaba.nacos.client.Worker.longPolling.fixed-localhost_8848]c.a.n.c.c.i.ClientWorker - get changedGroupKeys:[]
10/20/2020 10:43:49 INFO  1.0.0 [com.alibaba.nacos.client.Worker.longPolling.fixed-localhost_8848]c.a.n.c.c.i.ClientWorker - get changedGroupKeys:[]
10/20/2020 10:44:19 INFO  1.0.0 [com.alibaba.nacos.client.Worker.longPolling.fixed-localhost_8848]c.a.n.c.c.i.ClientWorker - get changedGroupKeys:[]
10/20/2020 10:44:48 INFO  1.0.0 [com.alibaba.nacos.client.Worker.longPolling.fixed-localhost_8848]c.a.n.c.c.i.ClientWorker - get changedGroupKeys:[]
10/20/2020 10:45:18 INFO  1.0.0 [com.alibaba.nacos.client.Worker.longPolling.fixed-localhost_8848]c.a.n.c.c.i.ClientWorker - get changedGroupKeys:[]
10/20/2020 10:45:47 INFO  1.0.0 [com.alibaba.nacos.client.Worker.longPolling.fixed-localhost_8848]c.a.n.c.c.i.ClientWorker - get changedGroupKeys:[]
10/20/2020 10:46:17 INFO  1.0.0 [com.alibaba.nacos.client.Worker.longPolling.fixed-localhost_8848]c.a.n.c.c.i.ClientWorker - get changedGroupKeys:[]
10/20/2020 10:46:46 INFO  1.0.0 [com.alibaba.nacos.client.Worker.longPolling.fixed-localhost_8848]c.a.n.c.c.i.ClientWorker - get changedGroupKeys:[]
10/20/2020 10:47:16 INFO  1.0.0 [com.alibaba.nacos.client.Worker.longPolling.fixed-localhost_8848]c.a.n.c.c.i.ClientWorker - get changedGroupKeys:[]
10/20/2020 10:47:45 INFO  1.0.0 [com.alibaba.nacos.client.Worker.longPolling.fixed-localhost_8848]c.a.n.c.c.i.ClientWorker - get changedGroupKeys:[]
10/20/2020 10:48:15 INFO  1.0.0 [com.alibaba.nacos.client.Worker.longPolling.fixed-localhost_8848]c.a.n.c.c.i.ClientWorker - get changedGroupKeys:[]
10/20/2020 10:48:44 INFO  1.0.0 [com.alibaba.nacos.client.Worker.longPolling.fixed-localhost_8848]c.a.n.c.c.i.ClientWorker - get changedGroupKeys:[]
10/20/2020 10:49:14 INFO  1.0.0 [com.alibaba.nacos.client.Worker.longPolling.fixed-localhost_8848]c.a.n.c.c.i.ClientWorker - get changedGroupKeys:[]
10/20/2020 10:49:43 INFO  1.0.0 [com.alibaba.nacos.client.Worker.longPolling.fixed-localhost_8848]c.a.n.c.c.i.ClientWorker - get changedGroupKeys:[]
10/20/2020 10:50:13 INFO  1.0.0 [com.alibaba.nacos.client.Worker.longPolling.fixed-localhost_8848]c.a.n.c.c.i.ClientWorker - get changedGroupKeys:[]
10/20/2020 10:50:42 INFO  1.0.0 [com.alibaba.nacos.client.Worker.longPolling.fixed-localhost_8848]c.a.n.c.c.i.ClientWorker - get changedGroupKeys:[]
10/20/2020 10:51:12 INFO  1.0.0 [com.alibaba.nacos.client.Worker.longPolling.fixed-localhost_8848]c.a.n.c.c.i.ClientWorker - get changedGroupKeys:[]
10/20/2020 10:51:41 INFO  1.0.0 [com.alibaba.nacos.client.Worker.longPolling.fixed-localhost_8848]c.a.n.c.c.i.ClientWorker - get changedGroupKeys:[]
10/20/2020 10:52:11 INFO  1.0.0 [com.alibaba.nacos.client.Worker.longPolling.fixed-localhost_8848]c.a.n.c.c.i.ClientWorker - get changedGroupKeys:[]
10/20/2020 10:52:40 INFO  1.0.0 [com.alibaba.nacos.client.Worker.longPolling.fixed-localhost_8848]c.a.n.c.c.i.ClientWorker - get changedGroupKeys:[]
10/20/2020 10:53:10 INFO  1.0.0 [com.alibaba.nacos.client.Worker.longPolling.fixed-localhost_8848]c.a.n.c.c.i.ClientWorker - get changedGroupKeys:[]
10/20/2020 10:53:40 INFO  1.0.0 [com.alibaba.nacos.client.Worker.longPolling.fixed-localhost_8848]c.a.n.c.c.i.ClientWorker - get changedGroupKeys:[]
10/20/2020 10:54:09 INFO  1.0.0 [com.alibaba.nacos.client.Worker.longPolling.fixed-localhost_8848]c.a.n.c.c.i.ClientWorker - get changedGroupKeys:[]
10/20/2020 10:54:39 INFO  1.0.0 [com.alibaba.nacos.client.Worker.longPolling.fixed-localhost_8848]c.a.n.c.c.i.ClientWorker - get changedGroupKeys:[]
10/20/2020 10:55:08 INFO  1.0.0 [com.alibaba.nacos.client.Worker.longPolling.fixed-localhost_8848]c.a.n.c.c.i.ClientWorker - get changedGroupKeys:[]
10/20/2020 10:55:38 INFO  1.0.0 [com.alibaba.nacos.client.Worker.longPolling.fixed-localhost_8848]c.a.n.c.c.i.ClientWorker - get changedGroupKeys:[]
10/20/2020 10:56:07 INFO  1.0.0 [com.alibaba.nacos.client.Worker.longPolling.fixed-localhost_8848]c.a.n.c.c.i.ClientWorker - get changedGroupKeys:[]
10/20/2020 10:56:37 INFO  1.0.0 [com.alibaba.nacos.client.Worker.longPolling.fixed-localhost_8848]c.a.n.c.c.i.ClientWorker - get changedGroupKeys:[]
10/20/2020 10:57:06 INFO  1.0.0 [com.alibaba.nacos.client.Worker.longPolling.fixed-localhost_8848]c.a.n.c.c.i.ClientWorker - get changedGroupKeys:[]
10/20/2020 10:57:36 INFO  1.0.0 [com.alibaba.nacos.client.Worker.longPolling.fixed-localhost_8848]c.a.n.c.c.i.ClientWorker - get changedGroupKeys:[]
10/20/2020 10:58:05 INFO  1.0.0 [com.alibaba.nacos.client.Worker.longPolling.fixed-localhost_8848]c.a.n.c.c.i.ClientWorker - get changedGroupKeys:[]
10/20/2020 10:58:35 INFO  1.0.0 [com.alibaba.nacos.client.Worker.longPolling.fixed-localhost_8848]c.a.n.c.c.i.ClientWorker - get changedGroupKeys:[]
10/20/2020 10:59:04 INFO  1.0.0 [com.alibaba.nacos.client.Worker.longPolling.fixed-localhost_8848]c.a.n.c.c.i.ClientWorker - get changedGroupKeys:[]
10/20/2020 10:59:34 INFO  1.0.0 [com.alibaba.nacos.client.Worker.longPolling.fixed-localhost_8848]c.a.n.c.c.i.ClientWorker - get changedGroupKeys:[]
10/20/2020 11:00:03 INFO  1.0.0 [com.alibaba.nacos.client.Worker.longPolling.fixed-localhost_8848]c.a.n.c.c.i.ClientWorker - get changedGroupKeys:[]
10/20/2020 11:00:33 INFO  1.0.0 [com.alibaba.nacos.client.Worker.longPolling.fixed-localhost_8848]c.a.n.c.c.i.ClientWorker - get changedGroupKeys:[]
10/20/2020 11:01:02 INFO  1.0.0 [com.alibaba.nacos.client.Worker.longPolling.fixed-localhost_8848]c.a.n.c.c.i.ClientWorker - get changedGroupKeys:[]
10/20/2020 11:01:32 INFO  1.0.0 [com.alibaba.nacos.client.Worker.longPolling.fixed-localhost_8848]c.a.n.c.c.i.ClientWorker - get changedGroupKeys:[]
10/20/2020 11:02:01 INFO  1.0.0 [com.alibaba.nacos.client.Worker.longPolling.fixed-localhost_8848]c.a.n.c.c.i.ClientWorker - get changedGroupKeys:[]
10/20/2020 11:02:31 INFO  1.0.0 [com.alibaba.nacos.client.Worker.longPolling.fixed-localhost_8848]c.a.n.c.c.i.ClientWorker - get changedGroupKeys:[]
10/20/2020 11:03:00 INFO  1.0.0 [com.alibaba.nacos.client.Worker.longPolling.fixed-localhost_8848]c.a.n.c.c.i.ClientWorker - get changedGroupKeys:[]
10/20/2020 11:03:30 INFO  1.0.0 [com.alibaba.nacos.client.Worker.longPolling.fixed-localhost_8848]c.a.n.c.c.i.ClientWorker - get changedGroupKeys:[]
10/20/2020 11:03:59 INFO  1.0.0 [com.alibaba.nacos.client.Worker.longPolling.fixed-localhost_8848]c.a.n.c.c.i.ClientWorker - get changedGroupKeys:[]
10/20/2020 11:04:29 INFO  1.0.0 [com.alibaba.nacos.client.Worker.longPolling.fixed-localhost_8848]c.a.n.c.c.i.ClientWorker - get changedGroupKeys:[]
10/20/2020 11:04:58 INFO  1.0.0 [com.alibaba.nacos.client.Worker.longPolling.fixed-localhost_8848]c.a.n.c.c.i.ClientWorker - get changedGroupKeys:[]
10/20/2020 11:05:28 INFO  1.0.0 [com.alibaba.nacos.client.Worker.longPolling.fixed-localhost_8848]c.a.n.c.c.i.ClientWorker - get changedGroupKeys:[]
10/20/2020 11:05:57 INFO  1.0.0 [com.alibaba.nacos.client.Worker.longPolling.fixed-localhost_8848]c.a.n.c.c.i.ClientWorker - get changedGroupKeys:[]
10/20/2020 11:06:27 INFO  1.0.0 [com.alibaba.nacos.client.Worker.longPolling.fixed-localhost_8848]c.a.n.c.c.i.ClientWorker - get changedGroupKeys:[]
10/20/2020 11:06:56 INFO  1.0.0 [com.alibaba.nacos.client.Worker.longPolling.fixed-localhost_8848]c.a.n.c.c.i.ClientWorker - get changedGroupKeys:[]
10/20/2020 11:07:26 INFO  1.0.0 [com.alibaba.nacos.client.Worker.longPolling.fixed-localhost_8848]c.a.n.c.c.i.ClientWorker - get changedGroupKeys:[]
10/20/2020 11:07:55 INFO  1.0.0 [com.alibaba.nacos.client.Worker.longPolling.fixed-localhost_8848]c.a.n.c.c.i.ClientWorker - get changedGroupKeys:[]
10/20/2020 11:08:25 INFO  1.0.0 [com.alibaba.nacos.client.Worker.longPolling.fixed-localhost_8848]c.a.n.c.c.i.ClientWorker - get changedGroupKeys:[]
10/20/2020 11:08:54 INFO  1.0.0 [com.alibaba.nacos.client.Worker.longPolling.fixed-localhost_8848]c.a.n.c.c.i.ClientWorker - get changedGroupKeys:[]
10/20/2020 11:09:24 INFO  1.0.0 [com.alibaba.nacos.client.Worker.longPolling.fixed-localhost_8848]c.a.n.c.c.i.ClientWorker - get changedGroupKeys:[]
10/20/2020 11:09:53 INFO  1.0.0 [com.alibaba.nacos.client.Worker.longPolling.fixed-localhost_8848]c.a.n.c.c.i.ClientWorker - get changedGroupKeys:[]
10/20/2020 11:10:23 INFO  1.0.0 [com.alibaba.nacos.client.Worker.longPolling.fixed-localhost_8848]c.a.n.c.c.i.ClientWorker - get changedGroupKeys:[]
10/20/2020 11:10:52 INFO  1.0.0 [com.alibaba.nacos.client.Worker.longPolling.fixed-localhost_8848]c.a.n.c.c.i.ClientWorker - get changedGroupKeys:[]
10/20/2020 11:11:22 INFO  1.0.0 [com.alibaba.nacos.client.Worker.longPolling.fixed-localhost_8848]c.a.n.c.c.i.ClientWorker - get changedGroupKeys:[]
10/20/2020 11:11:51 INFO  1.0.0 [com.alibaba.nacos.client.Worker.longPolling.fixed-localhost_8848]c.a.n.c.c.i.ClientWorker - get changedGroupKeys:[]
10/20/2020 11:12:21 INFO  1.0.0 [com.alibaba.nacos.client.Worker.longPolling.fixed-localhost_8848]c.a.n.c.c.i.ClientWorker - get changedGroupKeys:[]
10/20/2020 11:12:50 INFO  1.0.0 [com.alibaba.nacos.client.Worker.longPolling.fixed-localhost_8848]c.a.n.c.c.i.ClientWorker - get changedGroupKeys:[]
10/20/2020 11:13:20 INFO  1.0.0 [com.alibaba.nacos.client.Worker.longPolling.fixed-localhost_8848]c.a.n.c.c.i.ClientWorker - get changedGroupKeys:[]
10/20/2020 11:13:49 INFO  1.0.0 [com.alibaba.nacos.client.Worker.longPolling.fixed-localhost_8848]c.a.n.c.c.i.ClientWorker - get changedGroupKeys:[]
10/20/2020 11:14:19 INFO  1.0.0 [com.alibaba.nacos.client.Worker.longPolling.fixed-localhost_8848]c.a.n.c.c.i.ClientWorker - get changedGroupKeys:[]
10/20/2020 11:14:48 INFO  1.0.0 [com.alibaba.nacos.client.Worker.longPolling.fixed-localhost_8848]c.a.n.c.c.i.ClientWorker - get changedGroupKeys:[]
10/20/2020 11:15:18 INFO  1.0.0 [com.alibaba.nacos.client.Worker.longPolling.fixed-localhost_8848]c.a.n.c.c.i.ClientWorker - get changedGroupKeys:[]
10/20/2020 11:15:47 INFO  1.0.0 [com.alibaba.nacos.client.Worker.longPolling.fixed-localhost_8848]c.a.n.c.c.i.ClientWorker - get changedGroupKeys:[]
10/20/2020 11:16:17 INFO  1.0.0 [com.alibaba.nacos.client.Worker.longPolling.fixed-localhost_8848]c.a.n.c.c.i.ClientWorker - get changedGroupKeys:[]
10/20/2020 11:16:46 INFO  1.0.0 [com.alibaba.nacos.client.Worker.longPolling.fixed-localhost_8848]c.a.n.c.c.i.ClientWorker - get changedGroupKeys:[]
10/20/2020 11:17:16 INFO  1.0.0 [com.alibaba.nacos.client.Worker.longPolling.fixed-localhost_8848]c.a.n.c.c.i.ClientWorker - get changedGroupKeys:[]
10/20/2020 11:17:46 INFO  1.0.0 [com.alibaba.nacos.client.Worker.longPolling.fixed-localhost_8848]c.a.n.c.c.i.ClientWorker - get changedGroupKeys:[]
10/20/2020 11:18:15 INFO  1.0.0 [com.alibaba.nacos.client.Worker.longPolling.fixed-localhost_8848]c.a.n.c.c.i.ClientWorker - get changedGroupKeys:[]
10/20/2020 11:18:45 INFO  1.0.0 [com.alibaba.nacos.client.Worker.longPolling.fixed-localhost_8848]c.a.n.c.c.i.ClientWorker - get changedGroupKeys:[]
10/20/2020 11:19:14 INFO  1.0.0 [com.alibaba.nacos.client.Worker.longPolling.fixed-localhost_8848]c.a.n.c.c.i.ClientWorker - get changedGroupKeys:[]
10/20/2020 11:19:44 INFO  1.0.0 [com.alibaba.nacos.client.Worker.longPolling.fixed-localhost_8848]c.a.n.c.c.i.ClientWorker - get changedGroupKeys:[]
10/20/2020 11:20:13 INFO  1.0.0 [com.alibaba.nacos.client.Worker.longPolling.fixed-localhost_8848]c.a.n.c.c.i.ClientWorker - get changedGroupKeys:[]
10/20/2020 11:20:43 INFO  1.0.0 [com.alibaba.nacos.client.Worker.longPolling.fixed-localhost_8848]c.a.n.c.c.i.ClientWorker - get changedGroupKeys:[]
10/20/2020 11:21:12 INFO  1.0.0 [com.alibaba.nacos.client.Worker.longPolling.fixed-localhost_8848]c.a.n.c.c.i.ClientWorker - get changedGroupKeys:[]
10/20/2020 11:21:42 INFO  1.0.0 [com.alibaba.nacos.client.Worker.longPolling.fixed-localhost_8848]c.a.n.c.c.i.ClientWorker - get changedGroupKeys:[]
10/20/2020 11:22:11 INFO  1.0.0 [com.alibaba.nacos.client.Worker.longPolling.fixed-localhost_8848]c.a.n.c.c.i.ClientWorker - get changedGroupKeys:[]
10/20/2020 11:22:41 INFO  1.0.0 [com.alibaba.nacos.client.Worker.longPolling.fixed-localhost_8848]c.a.n.c.c.i.ClientWorker - get changedGroupKeys:[]
10/20/2020 11:23:10 INFO  1.0.0 [com.alibaba.nacos.client.Worker.longPolling.fixed-localhost_8848]c.a.n.c.c.i.ClientWorker - get changedGroupKeys:[]
10/20/2020 11:23:40 INFO  1.0.0 [com.alibaba.nacos.client.Worker.longPolling.fixed-localhost_8848]c.a.n.c.c.i.ClientWorker - get changedGroupKeys:[]
10/20/2020 11:24:09 INFO  1.0.0 [com.alibaba.nacos.client.Worker.longPolling.fixed-localhost_8848]c.a.n.c.c.i.ClientWorker - get changedGroupKeys:[]
10/20/2020 11:24:39 INFO  1.0.0 [com.alibaba.nacos.client.Worker.longPolling.fixed-localhost_8848]c.a.n.c.c.i.ClientWorker - get changedGroupKeys:[]
10/20/2020 11:25:08 INFO  1.0.0 [com.alibaba.nacos.client.Worker.longPolling.fixed-localhost_8848]c.a.n.c.c.i.ClientWorker - get changedGroupKeys:[]
10/20/2020 11:25:38 INFO  1.0.0 [com.alibaba.nacos.client.Worker.longPolling.fixed-localhost_8848]c.a.n.c.c.i.ClientWorker - get changedGroupKeys:[]
10/20/2020 11:26:07 INFO  1.0.0 [com.alibaba.nacos.client.Worker.longPolling.fixed-localhost_8848]c.a.n.c.c.i.ClientWorker - get changedGroupKeys:[]
10/20/2020 11:26:37 INFO  1.0.0 [com.alibaba.nacos.client.Worker.longPolling.fixed-localhost_8848]c.a.n.c.c.i.ClientWorker - get changedGroupKeys:[]
10/20/2020 11:27:06 INFO  1.0.0 [com.alibaba.nacos.client.Worker.longPolling.fixed-localhost_8848]c.a.n.c.c.i.ClientWorker - get changedGroupKeys:[]
10/20/2020 11:27:36 INFO  1.0.0 [com.alibaba.nacos.client.Worker.longPolling.fixed-localhost_8848]c.a.n.c.c.i.ClientWorker - get changedGroupKeys:[]
10/20/2020 11:28:05 INFO  1.0.0 [com.alibaba.nacos.client.Worker.longPolling.fixed-localhost_8848]c.a.n.c.c.i.ClientWorker - get changedGroupKeys:[]
10/20/2020 11:28:28 INFO  1.0.0 [Thread-20]o.s.s.c.ThreadPoolTaskScheduler - Shutting down ExecutorService 'Nacso-Watch-Task-Scheduler'
10/20/2020 11:28:28 INFO  1.0.0 [Thread-20]c.a.c.n.r.NacosServiceRegistry - De-registering from Nacos Server now...
10/20/2020 11:28:28 INFO  1.0.0 [Thread-20]c.a.n.c.naming - [BEAT] removing beat: DEFAULT_GROUP@@shop-base-service:169.254.184.149:9000 from beat map.
10/20/2020 11:28:28 INFO  1.0.0 [Thread-20]c.a.n.c.naming - [DEREGISTER-SERVICE] public deregistering service DEFAULT_GROUP@@shop-base-service with instance: {"clusterName":"DEFAULT","enabled":true,"ephemeral":true,"healthy":true,"instanceHeartBeatInterval":5000,"instanceHeartBeatTimeOut":15000,"instanceIdGenerator":"simple","ip":"169.254.184.149","ipDeleteTimeout":30000,"metadata":{},"port":9000,"weight":1.0}
10/20/2020 11:28:28 INFO  1.0.0 [Thread-20]c.a.c.n.r.NacosServiceRegistry - De-registration finished.
10/20/2020 11:28:45 INFO  1.0.0 [main]c.a.n.c.c.i.LocalConfigInfoProcessor - LOCAL_SNAPSHOT_PATH:/Users/ys/nacos/config
10/20/2020 11:28:45 INFO  1.0.0 [main]c.a.n.c.c.i.Limiter - limitTime:5.0
10/20/2020 11:28:45 WARN  1.0.0 [main]c.a.c.n.c.NacosPropertySourceBuilder - Ignore the empty nacos configuration and get it based on dataId[shop-base-service] & group[DEFAULT_GROUP]
10/20/2020 11:28:45 WARN  1.0.0 [main]c.a.c.n.c.NacosPropertySourceBuilder - Ignore the empty nacos configuration and get it based on dataId[shop-base-service.properties] & group[DEFAULT_GROUP]
10/20/2020 11:28:45 WARN  1.0.0 [main]c.a.c.n.c.NacosPropertySourceBuilder - Ignore the empty nacos configuration and get it based on dataId[shop-base-service-dev.properties] & group[DEFAULT_GROUP]
10/20/2020 11:28:45 INFO  1.0.0 [main]o.s.c.b.c.PropertySourceBootstrapConfiguration - Located property source: [BootstrapPropertySource {name='bootstrapProperties-shop-base-service-dev.properties,DEFAULT_GROUP'}, BootstrapPropertySource {name='bootstrapProperties-shop-base-service.properties,DEFAULT_GROUP'}, BootstrapPropertySource {name='bootstrapProperties-shop-base-service,DEFAULT_GROUP'}]
10/20/2020 11:28:45 INFO  1.0.0 [main]c.z.b.BaseServiceApplication - The following profiles are active: dev
10/20/2020 11:28:45 INFO  1.0.0 [main]o.s.d.r.c.RepositoryConfigurationDelegate - Multiple Spring Data modules found, entering strict repository configuration mode!
10/20/2020 11:28:45 INFO  1.0.0 [main]o.s.d.r.c.RepositoryConfigurationDelegate - Bootstrapping Spring Data Redis repositories in DEFAULT mode.
10/20/2020 11:28:45 INFO  1.0.0 [main]o.s.d.r.c.RepositoryConfigurationDelegate - Finished Spring Data repository scanning in 5ms. Found 0 Redis repository interfaces.
10/20/2020 11:28:45 WARN  1.0.0 [main]o.m.s.m.ClassPathMapperScanner - No MyBatis mapper was found in '[com.zhonghualub.base]' package. Please check your configuration.
10/20/2020 11:28:45 INFO  1.0.0 [main]o.s.c.c.s.GenericScope - BeanFactory id=c771f455-2bc1-3453-b801-14965d9c92ec
10/20/2020 11:28:45 INFO  1.0.0 [main]o.s.b.w.e.t.TomcatWebServer - Tomcat initialized with port(s): 9000 (http)
10/20/2020 11:28:45 INFO  1.0.0 [main]o.a.c.h.Http11NioProtocol - Initializing ProtocolHandler ["http-nio-9000"]
10/20/2020 11:28:45 INFO  1.0.0 [main]o.a.c.c.StandardService - Starting service [Tomcat]
10/20/2020 11:28:45 INFO  1.0.0 [main]o.a.c.c.StandardEngine - Starting Servlet engine: [Apache Tomcat/9.0.38]
10/20/2020 11:28:45 INFO  1.0.0 [main]o.a.c.c.C.[.[.[/] - Initializing Spring embedded WebApplicationContext
10/20/2020 11:28:45 INFO  1.0.0 [main]o.s.w.c.ContextLoader - Root WebApplicationContext: initialization completed in 881 ms
10/20/2020 11:28:46 WARN  1.0.0 [main]c.n.c.s.URLConfigurationSource - No URLs will be polled as dynamic configuration sources.
10/20/2020 11:28:46 INFO  1.0.0 [main]c.n.c.s.URLConfigurationSource - To enable URLs as dynamic configuration sources, define System property archaius.configurationSource.additionalUrls or make config.properties available on classpath.
10/20/2020 11:28:46 WARN  1.0.0 [main]c.n.c.s.URLConfigurationSource - No URLs will be polled as dynamic configuration sources.
10/20/2020 11:28:46 INFO  1.0.0 [main]c.n.c.s.URLConfigurationSource - To enable URLs as dynamic configuration sources, define System property archaius.configurationSource.additionalUrls or make config.properties available on classpath.
10/20/2020 11:28:46 INFO  1.0.0 [main]o.s.s.c.ThreadPoolTaskScheduler - Initializing ExecutorService 'Nacso-Watch-Task-Scheduler'
10/20/2020 11:28:46 INFO  1.0.0 [main]c.a.n.c.naming - initializer namespace from System Property :null
10/20/2020 11:28:46 INFO  1.0.0 [main]c.a.n.c.naming - initializer namespace from System Environment :null
10/20/2020 11:28:46 INFO  1.0.0 [main]c.a.n.c.naming - initializer namespace from System Property :null
10/20/2020 11:28:46 WARN  1.0.0 [main]c.a.d.p.DruidAbstractDataSource - oracle.jdbc.driver.OracleDriver is deprecated.Having use oracle.jdbc.OracleDriver.
10/20/2020 11:28:46 INFO  1.0.0 [main]o.a.c.h.Http11NioProtocol - Starting ProtocolHandler ["http-nio-9000"]
10/20/2020 11:28:46 INFO  1.0.0 [main]o.s.b.w.e.t.TomcatWebServer - Tomcat started on port(s): 9000 (http) with context path ''
10/20/2020 11:28:46 INFO  1.0.0 [main]c.a.n.c.naming - [BEAT] adding beat: {"cluster":"DEFAULT","ip":"169.254.184.149","metadata":{"preserved.register.source":"SPRING_CLOUD"},"period":5000,"port":9000,"scheduled":false,"serviceName":"DEFAULT_GROUP@@shop-base-service","stopped":false,"weight":1.0} to beat map.
10/20/2020 11:28:46 INFO  1.0.0 [main]c.a.n.c.naming - [REGISTER-SERVICE] public registering service DEFAULT_GROUP@@shop-base-service with instance: {"clusterName":"DEFAULT","enabled":true,"ephemeral":true,"healthy":true,"instanceHeartBeatInterval":5000,"instanceHeartBeatTimeOut":15000,"ip":"169.254.184.149","ipDeleteTimeout":30000,"metadata":{"preserved.register.source":"SPRING_CLOUD"},"port":9000,"weight":1.0}
10/20/2020 11:28:46 INFO  1.0.0 [main]c.a.c.n.r.NacosServiceRegistry - nacos registry, DEFAULT_GROUP shop-base-service 169.254.184.149:9000 register finished
10/20/2020 11:28:46 INFO  1.0.0 [main]c.z.b.BaseServiceApplication - Started BaseServiceApplication in 2.72 seconds (JVM running for 3.26)
10/20/2020 11:28:46 INFO  1.0.0 [main]c.a.n.c.c.i.ClientWorker - [fixed-localhost_8848] [subscribe] shop-base-service.properties+DEFAULT_GROUP
10/20/2020 11:28:46 INFO  1.0.0 [main]c.a.n.c.c.i.CacheData - [fixed-localhost_8848] [add-listener] ok, tenant=, dataId=shop-base-service.properties, group=DEFAULT_GROUP, cnt=1
10/20/2020 11:28:46 INFO  1.0.0 [main]c.a.n.c.c.i.ClientWorker - [fixed-localhost_8848] [subscribe] shop-base-service+DEFAULT_GROUP
10/20/2020 11:28:46 INFO  1.0.0 [main]c.a.n.c.c.i.CacheData - [fixed-localhost_8848] [add-listener] ok, tenant=, dataId=shop-base-service, group=DEFAULT_GROUP, cnt=1
10/20/2020 11:28:46 INFO  1.0.0 [main]c.a.n.c.c.i.ClientWorker - [fixed-localhost_8848] [subscribe] shop-base-service-dev.properties+DEFAULT_GROUP
10/20/2020 11:28:46 INFO  1.0.0 [main]c.a.n.c.c.i.CacheData - [fixed-localhost_8848] [add-listener] ok, tenant=, dataId=shop-base-service-dev.properties, group=DEFAULT_GROUP, cnt=1
10/20/2020 11:28:46 INFO  1.0.0 [com.alibaba.nacos.client.Worker.longPolling.fixed-localhost_8848]c.a.n.c.c.i.ClientWorker - get changedGroupKeys:[]
10/20/2020 11:29:16 INFO  1.0.0 [com.alibaba.nacos.client.Worker.longPolling.fixed-localhost_8848]c.a.n.c.c.i.ClientWorker - get changedGroupKeys:[]
10/20/2020 11:29:46 INFO  1.0.0 [com.alibaba.nacos.client.Worker.longPolling.fixed-localhost_8848]c.a.n.c.c.i.ClientWorker - get changedGroupKeys:[]
10/20/2020 11:30:15 INFO  1.0.0 [com.alibaba.nacos.client.Worker.longPolling.fixed-localhost_8848]c.a.n.c.c.i.ClientWorker - get changedGroupKeys:[]
10/20/2020 11:30:45 INFO  1.0.0 [com.alibaba.nacos.client.Worker.longPolling.fixed-localhost_8848]c.a.n.c.c.i.ClientWorker - get changedGroupKeys:[]
10/20/2020 11:31:14 INFO  1.0.0 [com.alibaba.nacos.client.Worker.longPolling.fixed-localhost_8848]c.a.n.c.c.i.ClientWorker - get changedGroupKeys:[]
10/20/2020 11:31:44 INFO  1.0.0 [com.alibaba.nacos.client.Worker.longPolling.fixed-localhost_8848]c.a.n.c.c.i.ClientWorker - get changedGroupKeys:[]
10/20/2020 11:32:13 INFO  1.0.0 [com.alibaba.nacos.client.Worker.longPolling.fixed-localhost_8848]c.a.n.c.c.i.ClientWorker - get changedGroupKeys:[]
10/20/2020 11:32:43 INFO  1.0.0 [com.alibaba.nacos.client.Worker.longPolling.fixed-localhost_8848]c.a.n.c.c.i.ClientWorker - get changedGroupKeys:[]
10/20/2020 11:33:12 INFO  1.0.0 [com.alibaba.nacos.client.Worker.longPolling.fixed-localhost_8848]c.a.n.c.c.i.ClientWorker - get changedGroupKeys:[]
10/20/2020 11:33:42 INFO  1.0.0 [com.alibaba.nacos.client.Worker.longPolling.fixed-localhost_8848]c.a.n.c.c.i.ClientWorker - get changedGroupKeys:[]
10/20/2020 11:34:11 INFO  1.0.0 [com.alibaba.nacos.client.Worker.longPolling.fixed-localhost_8848]c.a.n.c.c.i.ClientWorker - get changedGroupKeys:[]
10/20/2020 11:34:41 INFO  1.0.0 [com.alibaba.nacos.client.Worker.longPolling.fixed-localhost_8848]c.a.n.c.c.i.ClientWorker - get changedGroupKeys:[]
10/20/2020 11:35:10 INFO  1.0.0 [com.alibaba.nacos.client.Worker.longPolling.fixed-localhost_8848]c.a.n.c.c.i.ClientWorker - get changedGroupKeys:[]
10/20/2020 11:35:40 INFO  1.0.0 [com.alibaba.nacos.client.Worker.longPolling.fixed-localhost_8848]c.a.n.c.c.i.ClientWorker - get changedGroupKeys:[]
10/20/2020 11:36:09 INFO  1.0.0 [com.alibaba.nacos.client.Worker.longPolling.fixed-localhost_8848]c.a.n.c.c.i.ClientWorker - get changedGroupKeys:[]
10/20/2020 11:36:29 INFO  1.0.0 [Thread-19]o.s.s.c.ThreadPoolTaskScheduler - Shutting down ExecutorService 'Nacso-Watch-Task-Scheduler'
10/20/2020 11:36:29 INFO  1.0.0 [Thread-19]c.a.c.n.r.NacosServiceRegistry - De-registering from Nacos Server now...
10/20/2020 11:36:29 INFO  1.0.0 [Thread-19]c.a.n.c.naming - [BEAT] removing beat: DEFAULT_GROUP@@shop-base-service:169.254.184.149:9000 from beat map.
10/20/2020 11:36:29 INFO  1.0.0 [Thread-19]c.a.n.c.naming - [DEREGISTER-SERVICE] public deregistering service DEFAULT_GROUP@@shop-base-service with instance: {"clusterName":"DEFAULT","enabled":true,"ephemeral":true,"healthy":true,"instanceHeartBeatInterval":5000,"instanceHeartBeatTimeOut":15000,"instanceIdGenerator":"simple","ip":"169.254.184.149","ipDeleteTimeout":30000,"metadata":{},"port":9000,"weight":1.0}
10/20/2020 11:36:29 INFO  1.0.0 [Thread-19]c.a.c.n.r.NacosServiceRegistry - De-registration finished.
10/20/2020 11:37:03 INFO  1.0.0 [main]c.a.n.c.c.i.LocalConfigInfoProcessor - LOCAL_SNAPSHOT_PATH:/Users/ys/nacos/config
10/20/2020 11:37:03 INFO  1.0.0 [main]c.a.n.c.c.i.Limiter - limitTime:5.0
10/20/2020 11:37:03 WARN  1.0.0 [main]c.a.c.n.c.NacosPropertySourceBuilder - Ignore the empty nacos configuration and get it based on dataId[shop-base-service] & group[DEFAULT_GROUP]
10/20/2020 11:37:03 WARN  1.0.0 [main]c.a.c.n.c.NacosPropertySourceBuilder - Ignore the empty nacos configuration and get it based on dataId[shop-base-service.properties] & group[DEFAULT_GROUP]
10/20/2020 11:37:03 WARN  1.0.0 [main]c.a.c.n.c.NacosPropertySourceBuilder - Ignore the empty nacos configuration and get it based on dataId[shop-base-service-dev.properties] & group[DEFAULT_GROUP]
10/20/2020 11:37:03 INFO  1.0.0 [main]o.s.c.b.c.PropertySourceBootstrapConfiguration - Located property source: [BootstrapPropertySource {name='bootstrapProperties-shop-base-service-dev.properties,DEFAULT_GROUP'}, BootstrapPropertySource {name='bootstrapProperties-shop-base-service.properties,DEFAULT_GROUP'}, BootstrapPropertySource {name='bootstrapProperties-shop-base-service,DEFAULT_GROUP'}]
10/20/2020 11:37:03 INFO  1.0.0 [main]c.z.b.BaseServiceApplication - The following profiles are active: dev
10/20/2020 11:37:03 INFO  1.0.0 [main]o.s.d.r.c.RepositoryConfigurationDelegate - Multiple Spring Data modules found, entering strict repository configuration mode!
10/20/2020 11:37:03 INFO  1.0.0 [main]o.s.d.r.c.RepositoryConfigurationDelegate - Bootstrapping Spring Data Redis repositories in DEFAULT mode.
10/20/2020 11:37:03 INFO  1.0.0 [main]o.s.d.r.c.RepositoryConfigurationDelegate - Finished Spring Data repository scanning in 7ms. Found 0 Redis repository interfaces.
10/20/2020 11:37:03 WARN  1.0.0 [main]o.m.s.m.ClassPathMapperScanner - No MyBatis mapper was found in '[com.zhonghualub.base]' package. Please check your configuration.
10/20/2020 11:37:03 INFO  1.0.0 [main]o.s.c.c.s.GenericScope - BeanFactory id=c771f455-2bc1-3453-b801-14965d9c92ec
10/20/2020 11:37:04 INFO  1.0.0 [main]o.s.b.w.e.t.TomcatWebServer - Tomcat initialized with port(s): 9000 (http)
10/20/2020 11:37:04 INFO  1.0.0 [main]o.a.c.h.Http11NioProtocol - Initializing ProtocolHandler ["http-nio-9000"]
10/20/2020 11:37:04 INFO  1.0.0 [main]o.a.c.c.StandardService - Starting service [Tomcat]
10/20/2020 11:37:04 INFO  1.0.0 [main]o.a.c.c.StandardEngine - Starting Servlet engine: [Apache Tomcat/9.0.38]
10/20/2020 11:37:04 INFO  1.0.0 [main]o.a.c.c.C.[.[.[/] - Initializing Spring embedded WebApplicationContext
10/20/2020 11:37:04 INFO  1.0.0 [main]o.s.w.c.ContextLoader - Root WebApplicationContext: initialization completed in 867 ms
10/20/2020 11:37:04 WARN  1.0.0 [main]c.n.c.s.URLConfigurationSource - No URLs will be polled as dynamic configuration sources.
10/20/2020 11:37:04 INFO  1.0.0 [main]c.n.c.s.URLConfigurationSource - To enable URLs as dynamic configuration sources, define System property archaius.configurationSource.additionalUrls or make config.properties available on classpath.
10/20/2020 11:37:04 WARN  1.0.0 [main]c.n.c.s.URLConfigurationSource - No URLs will be polled as dynamic configuration sources.
10/20/2020 11:37:04 INFO  1.0.0 [main]c.n.c.s.URLConfigurationSource - To enable URLs as dynamic configuration sources, define System property archaius.configurationSource.additionalUrls or make config.properties available on classpath.
10/20/2020 11:37:04 INFO  1.0.0 [main]o.s.s.c.ThreadPoolTaskScheduler - Initializing ExecutorService 'Nacso-Watch-Task-Scheduler'
10/20/2020 11:37:04 INFO  1.0.0 [main]c.a.n.c.naming - initializer namespace from System Property :null
10/20/2020 11:37:04 INFO  1.0.0 [main]c.a.n.c.naming - initializer namespace from System Environment :null
10/20/2020 11:37:04 INFO  1.0.0 [main]c.a.n.c.naming - initializer namespace from System Property :null
10/20/2020 11:37:04 WARN  1.0.0 [main]c.a.d.p.DruidAbstractDataSource - oracle.jdbc.driver.OracleDriver is deprecated.Having use oracle.jdbc.OracleDriver.
10/20/2020 11:37:05 INFO  1.0.0 [main]o.a.c.h.Http11NioProtocol - Starting ProtocolHandler ["http-nio-9000"]
10/20/2020 11:37:05 INFO  1.0.0 [main]o.s.b.w.e.t.TomcatWebServer - Tomcat started on port(s): 9000 (http) with context path ''
10/20/2020 11:37:05 INFO  1.0.0 [main]c.a.n.c.naming - [BEAT] adding beat: {"cluster":"DEFAULT","ip":"169.254.184.149","metadata":{"preserved.register.source":"SPRING_CLOUD"},"period":5000,"port":9000,"scheduled":false,"serviceName":"DEFAULT_GROUP@@shop-base-service","stopped":false,"weight":1.0} to beat map.
10/20/2020 11:37:05 INFO  1.0.0 [main]c.a.n.c.naming - [REGISTER-SERVICE] public registering service DEFAULT_GROUP@@shop-base-service with instance: {"clusterName":"DEFAULT","enabled":true,"ephemeral":true,"healthy":true,"instanceHeartBeatInterval":5000,"instanceHeartBeatTimeOut":15000,"ip":"169.254.184.149","ipDeleteTimeout":30000,"metadata":{"preserved.register.source":"SPRING_CLOUD"},"port":9000,"weight":1.0}
10/20/2020 11:37:05 INFO  1.0.0 [main]c.a.c.n.r.NacosServiceRegistry - nacos registry, DEFAULT_GROUP shop-base-service 169.254.184.149:9000 register finished
10/20/2020 11:37:05 INFO  1.0.0 [main]c.z.b.BaseServiceApplication - Started BaseServiceApplication in 2.856 seconds (JVM running for 3.404)
10/20/2020 11:37:05 INFO  1.0.0 [main]c.a.n.c.c.i.ClientWorker - [fixed-localhost_8848] [subscribe] shop-base-service.properties+DEFAULT_GROUP
10/20/2020 11:37:05 INFO  1.0.0 [main]c.a.n.c.c.i.CacheData - [fixed-localhost_8848] [add-listener] ok, tenant=, dataId=shop-base-service.properties, group=DEFAULT_GROUP, cnt=1
10/20/2020 11:37:05 INFO  1.0.0 [main]c.a.n.c.c.i.ClientWorker - [fixed-localhost_8848] [subscribe] shop-base-service+DEFAULT_GROUP
10/20/2020 11:37:05 INFO  1.0.0 [main]c.a.n.c.c.i.CacheData - [fixed-localhost_8848] [add-listener] ok, tenant=, dataId=shop-base-service, group=DEFAULT_GROUP, cnt=1
10/20/2020 11:37:05 INFO  1.0.0 [main]c.a.n.c.c.i.ClientWorker - [fixed-localhost_8848] [subscribe] shop-base-service-dev.properties+DEFAULT_GROUP
10/20/2020 11:37:05 INFO  1.0.0 [main]c.a.n.c.c.i.CacheData - [fixed-localhost_8848] [add-listener] ok, tenant=, dataId=shop-base-service-dev.properties, group=DEFAULT_GROUP, cnt=1
10/20/2020 11:37:05 INFO  1.0.0 [com.alibaba.nacos.client.Worker.longPolling.fixed-localhost_8848]c.a.n.c.c.i.ClientWorker - get changedGroupKeys:[]
10/20/2020 11:37:35 INFO  1.0.0 [com.alibaba.nacos.client.Worker.longPolling.fixed-localhost_8848]c.a.n.c.c.i.ClientWorker - get changedGroupKeys:[]
10/20/2020 11:38:04 INFO  1.0.0 [com.alibaba.nacos.client.Worker.longPolling.fixed-localhost_8848]c.a.n.c.c.i.ClientWorker - get changedGroupKeys:[]
10/20/2020 11:38:34 INFO  1.0.0 [com.alibaba.nacos.client.Worker.longPolling.fixed-localhost_8848]c.a.n.c.c.i.ClientWorker - get changedGroupKeys:[]
10/20/2020 11:39:03 INFO  1.0.0 [com.alibaba.nacos.client.Worker.longPolling.fixed-localhost_8848]c.a.n.c.c.i.ClientWorker - get changedGroupKeys:[]
10/20/2020 11:39:33 INFO  1.0.0 [com.alibaba.nacos.client.Worker.longPolling.fixed-localhost_8848]c.a.n.c.c.i.ClientWorker - get changedGroupKeys:[]
10/20/2020 11:40:02 INFO  1.0.0 [com.alibaba.nacos.client.Worker.longPolling.fixed-localhost_8848]c.a.n.c.c.i.ClientWorker - get changedGroupKeys:[]
10/20/2020 11:40:32 INFO  1.0.0 [com.alibaba.nacos.client.Worker.longPolling.fixed-localhost_8848]c.a.n.c.c.i.ClientWorker - get changedGroupKeys:[]
10/20/2020 11:41:01 INFO  1.0.0 [com.alibaba.nacos.client.Worker.longPolling.fixed-localhost_8848]c.a.n.c.c.i.ClientWorker - get changedGroupKeys:[]
10/20/2020 11:41:31 INFO  1.0.0 [com.alibaba.nacos.client.Worker.longPolling.fixed-localhost_8848]c.a.n.c.c.i.ClientWorker - get changedGroupKeys:[]
10/20/2020 11:42:00 INFO  1.0.0 [com.alibaba.nacos.client.Worker.longPolling.fixed-localhost_8848]c.a.n.c.c.i.ClientWorker - get changedGroupKeys:[]
10/20/2020 11:42:30 INFO  1.0.0 [com.alibaba.nacos.client.Worker.longPolling.fixed-localhost_8848]c.a.n.c.c.i.ClientWorker - get changedGroupKeys:[]
10/20/2020 11:42:59 INFO  1.0.0 [com.alibaba.nacos.client.Worker.longPolling.fixed-localhost_8848]c.a.n.c.c.i.ClientWorker - get changedGroupKeys:[]
10/20/2020 11:43:29 INFO  1.0.0 [com.alibaba.nacos.client.Worker.longPolling.fixed-localhost_8848]c.a.n.c.c.i.ClientWorker - get changedGroupKeys:[]
10/20/2020 11:43:58 INFO  1.0.0 [com.alibaba.nacos.client.Worker.longPolling.fixed-localhost_8848]c.a.n.c.c.i.ClientWorker - get changedGroupKeys:[]
10/20/2020 11:44:28 INFO  1.0.0 [com.alibaba.nacos.client.Worker.longPolling.fixed-localhost_8848]c.a.n.c.c.i.ClientWorker - get changedGroupKeys:[]
10/20/2020 11:44:57 INFO  1.0.0 [com.alibaba.nacos.client.Worker.longPolling.fixed-localhost_8848]c.a.n.c.c.i.ClientWorker - get changedGroupKeys:[]
10/20/2020 11:45:27 INFO  1.0.0 [com.alibaba.nacos.client.Worker.longPolling.fixed-localhost_8848]c.a.n.c.c.i.ClientWorker - get changedGroupKeys:[]
10/20/2020 11:45:56 INFO  1.0.0 [com.alibaba.nacos.client.Worker.longPolling.fixed-localhost_8848]c.a.n.c.c.i.ClientWorker - get changedGroupKeys:[]
10/20/2020 11:46:26 INFO  1.0.0 [com.alibaba.nacos.client.Worker.longPolling.fixed-localhost_8848]c.a.n.c.c.i.ClientWorker - get changedGroupKeys:[]
10/20/2020 11:46:55 INFO  1.0.0 [com.alibaba.nacos.client.Worker.longPolling.fixed-localhost_8848]c.a.n.c.c.i.ClientWorker - get changedGroupKeys:[]
10/20/2020 11:47:25 INFO  1.0.0 [com.alibaba.nacos.client.Worker.longPolling.fixed-localhost_8848]c.a.n.c.c.i.ClientWorker - get changedGroupKeys:[]
10/20/2020 11:47:54 INFO  1.0.0 [com.alibaba.nacos.client.Worker.longPolling.fixed-localhost_8848]c.a.n.c.c.i.ClientWorker - get changedGroupKeys:[]
10/20/2020 11:48:24 INFO  1.0.0 [com.alibaba.nacos.client.Worker.longPolling.fixed-localhost_8848]c.a.n.c.c.i.ClientWorker - get changedGroupKeys:[]
10/20/2020 11:48:53 INFO  1.0.0 [com.alibaba.nacos.client.Worker.longPolling.fixed-localhost_8848]c.a.n.c.c.i.ClientWorker - get changedGroupKeys:[]
10/20/2020 11:49:23 INFO  1.0.0 [com.alibaba.nacos.client.Worker.longPolling.fixed-localhost_8848]c.a.n.c.c.i.ClientWorker - get changedGroupKeys:[]
10/20/2020 11:49:52 INFO  1.0.0 [com.alibaba.nacos.client.Worker.longPolling.fixed-localhost_8848]c.a.n.c.c.i.ClientWorker - get changedGroupKeys:[]
10/20/2020 11:50:22 INFO  1.0.0 [com.alibaba.nacos.client.Worker.longPolling.fixed-localhost_8848]c.a.n.c.c.i.ClientWorker - get changedGroupKeys:[]
10/20/2020 11:50:51 INFO  1.0.0 [com.alibaba.nacos.client.Worker.longPolling.fixed-localhost_8848]c.a.n.c.c.i.ClientWorker - get changedGroupKeys:[]
10/20/2020 11:51:21 INFO  1.0.0 [com.alibaba.nacos.client.Worker.longPolling.fixed-localhost_8848]c.a.n.c.c.i.ClientWorker - get changedGroupKeys:[]
10/20/2020 11:51:50 INFO  1.0.0 [com.alibaba.nacos.client.Worker.longPolling.fixed-localhost_8848]c.a.n.c.c.i.ClientWorker - get changedGroupKeys:[]
10/20/2020 11:52:20 INFO  1.0.0 [com.alibaba.nacos.client.Worker.longPolling.fixed-localhost_8848]c.a.n.c.c.i.ClientWorker - get changedGroupKeys:[]
10/20/2020 11:52:49 INFO  1.0.0 [com.alibaba.nacos.client.Worker.longPolling.fixed-localhost_8848]c.a.n.c.c.i.ClientWorker - get changedGroupKeys:[]
10/20/2020 11:53:19 INFO  1.0.0 [com.alibaba.nacos.client.Worker.longPolling.fixed-localhost_8848]c.a.n.c.c.i.ClientWorker - get changedGroupKeys:[]
10/20/2020 11:53:48 INFO  1.0.0 [com.alibaba.nacos.client.Worker.longPolling.fixed-localhost_8848]c.a.n.c.c.i.ClientWorker - get changedGroupKeys:[]
10/20/2020 11:54:18 INFO  1.0.0 [com.alibaba.nacos.client.Worker.longPolling.fixed-localhost_8848]c.a.n.c.c.i.ClientWorker - get changedGroupKeys:[]
10/20/2020 11:54:47 INFO  1.0.0 [com.alibaba.nacos.client.Worker.longPolling.fixed-localhost_8848]c.a.n.c.c.i.ClientWorker - get changedGroupKeys:[]
10/20/2020 11:55:17 INFO  1.0.0 [com.alibaba.nacos.client.Worker.longPolling.fixed-localhost_8848]c.a.n.c.c.i.ClientWorker - get changedGroupKeys:[]
10/20/2020 11:55:47 INFO  1.0.0 [com.alibaba.nacos.client.Worker.longPolling.fixed-localhost_8848]c.a.n.c.c.i.ClientWorker - get changedGroupKeys:[]
10/20/2020 11:56:16 INFO  1.0.0 [com.alibaba.nacos.client.Worker.longPolling.fixed-localhost_8848]c.a.n.c.c.i.ClientWorker - get changedGroupKeys:[]
10/20/2020 11:56:46 INFO  1.0.0 [com.alibaba.nacos.client.Worker.longPolling.fixed-localhost_8848]c.a.n.c.c.i.ClientWorker - get changedGroupKeys:[]
10/20/2020 11:57:15 INFO  1.0.0 [com.alibaba.nacos.client.Worker.longPolling.fixed-localhost_8848]c.a.n.c.c.i.ClientWorker - get changedGroupKeys:[]
10/20/2020 11:57:45 INFO  1.0.0 [com.alibaba.nacos.client.Worker.longPolling.fixed-localhost_8848]c.a.n.c.c.i.ClientWorker - get changedGroupKeys:[]
10/20/2020 11:58:14 INFO  1.0.0 [com.alibaba.nacos.client.Worker.longPolling.fixed-localhost_8848]c.a.n.c.c.i.ClientWorker - get changedGroupKeys:[]
10/20/2020 11:58:44 INFO  1.0.0 [com.alibaba.nacos.client.Worker.longPolling.fixed-localhost_8848]c.a.n.c.c.i.ClientWorker - get changedGroupKeys:[]
10/20/2020 11:59:13 INFO  1.0.0 [com.alibaba.nacos.client.Worker.longPolling.fixed-localhost_8848]c.a.n.c.c.i.ClientWorker - get changedGroupKeys:[]
10/20/2020 11:59:43 INFO  1.0.0 [com.alibaba.nacos.client.Worker.longPolling.fixed-localhost_8848]c.a.n.c.c.i.ClientWorker - get changedGroupKeys:[]
10/20/2020 12:00:12 INFO  1.0.0 [com.alibaba.nacos.client.Worker.longPolling.fixed-localhost_8848]c.a.n.c.c.i.ClientWorker - get changedGroupKeys:[]
10/20/2020 12:00:42 INFO  1.0.0 [com.alibaba.nacos.client.Worker.longPolling.fixed-localhost_8848]c.a.n.c.c.i.ClientWorker - get changedGroupKeys:[]
10/20/2020 12:01:11 INFO  1.0.0 [com.alibaba.nacos.client.Worker.longPolling.fixed-localhost_8848]c.a.n.c.c.i.ClientWorker - get changedGroupKeys:[]
10/20/2020 12:01:41 INFO  1.0.0 [com.alibaba.nacos.client.Worker.longPolling.fixed-localhost_8848]c.a.n.c.c.i.ClientWorker - get changedGroupKeys:[]
10/20/2020 12:02:10 INFO  1.0.0 [com.alibaba.nacos.client.Worker.longPolling.fixed-localhost_8848]c.a.n.c.c.i.ClientWorker - get changedGroupKeys:[]
10/20/2020 12:02:40 INFO  1.0.0 [com.alibaba.nacos.client.Worker.longPolling.fixed-localhost_8848]c.a.n.c.c.i.ClientWorker - get changedGroupKeys:[]
10/20/2020 12:03:09 INFO  1.0.0 [com.alibaba.nacos.client.Worker.longPolling.fixed-localhost_8848]c.a.n.c.c.i.ClientWorker - get changedGroupKeys:[]
10/20/2020 12:03:39 INFO  1.0.0 [com.alibaba.nacos.client.Worker.longPolling.fixed-localhost_8848]c.a.n.c.c.i.ClientWorker - get changedGroupKeys:[]
10/20/2020 12:04:08 INFO  1.0.0 [com.alibaba.nacos.client.Worker.longPolling.fixed-localhost_8848]c.a.n.c.c.i.ClientWorker - get changedGroupKeys:[]
10/20/2020 12:04:38 INFO  1.0.0 [com.alibaba.nacos.client.Worker.longPolling.fixed-localhost_8848]c.a.n.c.c.i.ClientWorker - get changedGroupKeys:[]
10/20/2020 12:05:07 INFO  1.0.0 [com.alibaba.nacos.client.Worker.longPolling.fixed-localhost_8848]c.a.n.c.c.i.ClientWorker - get changedGroupKeys:[]
10/20/2020 12:05:37 INFO  1.0.0 [com.alibaba.nacos.client.Worker.longPolling.fixed-localhost_8848]c.a.n.c.c.i.ClientWorker - get changedGroupKeys:[]
10/20/2020 12:06:06 INFO  1.0.0 [com.alibaba.nacos.client.Worker.longPolling.fixed-localhost_8848]c.a.n.c.c.i.ClientWorker - get changedGroupKeys:[]
10/20/2020 12:06:36 INFO  1.0.0 [com.alibaba.nacos.client.Worker.longPolling.fixed-localhost_8848]c.a.n.c.c.i.ClientWorker - get changedGroupKeys:[]
10/20/2020 12:07:05 INFO  1.0.0 [com.alibaba.nacos.client.Worker.longPolling.fixed-localhost_8848]c.a.n.c.c.i.ClientWorker - get changedGroupKeys:[]
10/20/2020 12:07:17 INFO  1.0.0 [Thread-19]o.s.s.c.ThreadPoolTaskScheduler - Shutting down ExecutorService 'Nacso-Watch-Task-Scheduler'
10/20/2020 12:07:17 INFO  1.0.0 [Thread-19]c.a.c.n.r.NacosServiceRegistry - De-registering from Nacos Server now...
10/20/2020 12:07:17 INFO  1.0.0 [Thread-19]c.a.n.c.naming - [BEAT] removing beat: DEFAULT_GROUP@@shop-base-service:169.254.184.149:9000 from beat map.
10/20/2020 12:07:17 INFO  1.0.0 [Thread-19]c.a.n.c.naming - [DEREGISTER-SERVICE] public deregistering service DEFAULT_GROUP@@shop-base-service with instance: {"clusterName":"DEFAULT","enabled":true,"ephemeral":true,"healthy":true,"instanceHeartBeatInterval":5000,"instanceHeartBeatTimeOut":15000,"instanceIdGenerator":"simple","ip":"169.254.184.149","ipDeleteTimeout":30000,"metadata":{},"port":9000,"weight":1.0}
10/20/2020 12:07:17 INFO  1.0.0 [Thread-19]c.a.c.n.r.NacosServiceRegistry - De-registration finished.
